{"C:\\Users\\Cyprien\\Documents\\GitHub\\zikos\\frontend\\src\\app.ts": {"path":"C:\\Users\\Cyprien\\Documents\\GitHub\\zikos\\frontend\\src\\app.ts","all":false,"statementMap":{"0":{"start":{"line":1,"column":0},"end":{"line":1,"column":37}},"1":{"start":{"line":2,"column":0},"end":{"line":2,"column":71}},"3":{"start":{"line":4,"column":0},"end":{"line":4,"column":81}},"4":{"start":{"line":5,"column":0},"end":{"line":5,"column":78}},"6":{"start":{"line":7,"column":0},"end":{"line":7,"column":17}},"7":{"start":{"line":8,"column":0},"end":{"line":8,"column":48}},"8":{"start":{"line":9,"column":0},"end":{"line":9,"column":51}},"9":{"start":{"line":10,"column":0},"end":{"line":10,"column":22}},"10":{"start":{"line":11,"column":0},"end":{"line":11,"column":39}},"11":{"start":{"line":12,"column":0},"end":{"line":12,"column":44}},"12":{"start":{"line":13,"column":0},"end":{"line":13,"column":35}},"13":{"start":{"line":14,"column":0},"end":{"line":14,"column":44}},"14":{"start":{"line":15,"column":0},"end":{"line":15,"column":17}},"15":{"start":{"line":16,"column":0},"end":{"line":16,"column":43}},"16":{"start":{"line":17,"column":0},"end":{"line":17,"column":88}},"17":{"start":{"line":18,"column":0},"end":{"line":18,"column":20}},"18":{"start":{"line":19,"column":0},"end":{"line":19,"column":84}},"19":{"start":{"line":20,"column":0},"end":{"line":20,"column":13}},"20":{"start":{"line":21,"column":0},"end":{"line":21,"column":9}},"21":{"start":{"line":22,"column":0},"end":{"line":22,"column":7}},"22":{"start":{"line":23,"column":0},"end":{"line":23,"column":1}},"24":{"start":{"line":25,"column":0},"end":{"line":25,"column":19}},"25":{"start":{"line":26,"column":0},"end":{"line":26,"column":69}},"26":{"start":{"line":27,"column":0},"end":{"line":27,"column":32}},"27":{"start":{"line":28,"column":0},"end":{"line":28,"column":32}},"28":{"start":{"line":29,"column":0},"end":{"line":29,"column":9}},"29":{"start":{"line":30,"column":0},"end":{"line":30,"column":7}},"30":{"start":{"line":31,"column":0},"end":{"line":31,"column":1}},"32":{"start":{"line":33,"column":0},"end":{"line":33,"column":10}}},"s":{"0":1,"1":1,"3":1,"4":1,"6":1,"7":1,"8":6,"9":6,"10":5,"11":3,"12":3,"13":3,"14":3,"15":5,"16":1,"17":1,"18":1,"19":1,"20":5,"21":1,"22":1,"24":1,"25":1,"26":2,"27":1,"28":1,"29":1,"30":1,"32":1},"branchMap":{"0":{"type":"branch","line":8,"loc":{"start":{"line":8,"column":41},"end":{"line":22,"column":5}},"locations":[{"start":{"line":8,"column":41},"end":{"line":22,"column":5}}]},"1":{"type":"branch","line":10,"loc":{"start":{"line":10,"column":21},"end":{"line":21,"column":9}},"locations":[{"start":{"line":10,"column":21},"end":{"line":21,"column":9}}]},"2":{"type":"branch","line":11,"loc":{"start":{"line":11,"column":38},"end":{"line":16,"column":23}},"locations":[{"start":{"line":11,"column":38},"end":{"line":16,"column":23}}]},"3":{"type":"branch","line":16,"loc":{"start":{"line":16,"column":12},"end":{"line":20,"column":13}},"locations":[{"start":{"line":16,"column":12},"end":{"line":20,"column":13}}]},"4":{"type":"branch","line":16,"loc":{"start":{"line":16,"column":42},"end":{"line":20,"column":13}},"locations":[{"start":{"line":16,"column":42},"end":{"line":20,"column":13}}]},"5":{"type":"branch","line":26,"loc":{"start":{"line":26,"column":46},"end":{"line":30,"column":5}},"locations":[{"start":{"line":26,"column":46},"end":{"line":30,"column":5}}]},"6":{"type":"branch","line":27,"loc":{"start":{"line":27,"column":31},"end":{"line":29,"column":9}},"locations":[{"start":{"line":27,"column":31},"end":{"line":29,"column":9}}]}},"b":{"0":[6],"1":[5],"2":[3],"3":[2],"4":[1],"5":[2],"6":[1]},"fnMap":{},"f":{}}
,"C:\\Users\\Cyprien\\Documents\\GitHub\\zikos\\frontend\\src\\config.ts": {"path":"C:\\Users\\Cyprien\\Documents\\GitHub\\zikos\\frontend\\src\\config.ts","all":false,"statementMap":{"0":{"start":{"line":1,"column":0},"end":{"line":1,"column":46}},"1":{"start":{"line":2,"column":0},"end":{"line":2,"column":21}},"2":{"start":{"line":3,"column":0},"end":{"line":3,"column":32}},"3":{"start":{"line":4,"column":0},"end":{"line":4,"column":41}},"4":{"start":{"line":5,"column":0},"end":{"line":5,"column":58}}},"s":{"0":1,"1":1,"2":1,"3":0,"4":1},"branchMap":{"0":{"type":"branch","line":3,"loc":{"start":{"line":3,"column":31},"end":{"line":4,"column":41}},"locations":[{"start":{"line":3,"column":31},"end":{"line":4,"column":41}}]}},"b":{"0":[0]},"fnMap":{},"f":{}}
,"C:\\Users\\Cyprien\\Documents\\GitHub\\zikos\\frontend\\src\\types.ts": {"path":"C:\\Users\\Cyprien\\Documents\\GitHub\\zikos\\frontend\\src\\types.ts","all":true,"statementMap":{},"s":{},"branchMap":{"0":{"type":"branch","line":1,"loc":{"start":{"line":1,"column":2124},"end":{"line":84,"column":1}},"locations":[{"start":{"line":1,"column":2124},"end":{"line":84,"column":1}}]}},"b":{"0":[1]},"fnMap":{"0":{"name":"(empty-report)","decl":{"start":{"line":1,"column":2124},"end":{"line":84,"column":1}},"loc":{"start":{"line":1,"column":2124},"end":{"line":84,"column":1}},"line":1}},"f":{"0":1}}
,"C:\\Users\\Cyprien\\Documents\\GitHub\\zikos\\frontend\\src\\ui.ts": {"path":"C:\\Users\\Cyprien\\Documents\\GitHub\\zikos\\frontend\\src\\ui.ts","all":false,"statementMap":{"0":{"start":{"line":1,"column":0},"end":{"line":1,"column":46}},"3":{"start":{"line":4,"column":0},"end":{"line":4,"column":39}},"4":{"start":{"line":5,"column":0},"end":{"line":5,"column":51}},"5":{"start":{"line":6,"column":0},"end":{"line":6,"column":14}},"6":{"start":{"line":7,"column":0},"end":{"line":7,"column":54}},"7":{"start":{"line":8,"column":0},"end":{"line":8,"column":5}},"8":{"start":{"line":9,"column":0},"end":{"line":9,"column":29}},"9":{"start":{"line":10,"column":0},"end":{"line":10,"column":1}},"11":{"start":{"line":12,"column":0},"end":{"line":12,"column":27}},"12":{"start":{"line":13,"column":0},"end":{"line":13,"column":17}},"13":{"start":{"line":14,"column":0},"end":{"line":14,"column":31}},"14":{"start":{"line":15,"column":0},"end":{"line":15,"column":49}},"15":{"start":{"line":16,"column":0},"end":{"line":16,"column":9}},"16":{"start":{"line":17,"column":0},"end":{"line":17,"column":52}},"17":{"start":{"line":18,"column":0},"end":{"line":18,"column":44}},"19":{"start":{"line":20,"column":0},"end":{"line":20,"column":49}},"20":{"start":{"line":21,"column":0},"end":{"line":21,"column":38}},"21":{"start":{"line":22,"column":0},"end":{"line":22,"column":51}},"22":{"start":{"line":23,"column":0},"end":{"line":23,"column":34}},"24":{"start":{"line":25,"column":0},"end":{"line":25,"column":30}},"25":{"start":{"line":26,"column":0},"end":{"line":26,"column":54}},"26":{"start":{"line":27,"column":0},"end":{"line":27,"column":43}},"27":{"start":{"line":28,"column":0},"end":{"line":28,"column":104}},"28":{"start":{"line":29,"column":0},"end":{"line":29,"column":39}},"29":{"start":{"line":30,"column":0},"end":{"line":30,"column":5}},"31":{"start":{"line":32,"column":0},"end":{"line":32,"column":29}},"32":{"start":{"line":33,"column":0},"end":{"line":33,"column":57}},"33":{"start":{"line":34,"column":0},"end":{"line":34,"column":42}},"34":{"start":{"line":35,"column":0},"end":{"line":35,"column":91}},"35":{"start":{"line":36,"column":0},"end":{"line":36,"column":42}},"36":{"start":{"line":37,"column":0},"end":{"line":37,"column":5}},"38":{"start":{"line":39,"column":0},"end":{"line":39,"column":39}},"39":{"start":{"line":40,"column":0},"end":{"line":40,"column":38}},"40":{"start":{"line":41,"column":0},"end":{"line":41,"column":51}},"41":{"start":{"line":42,"column":0},"end":{"line":42,"column":1}},"43":{"start":{"line":44,"column":0},"end":{"line":44,"column":44}},"44":{"start":{"line":45,"column":0},"end":{"line":45,"column":74}},"45":{"start":{"line":46,"column":0},"end":{"line":46,"column":28}},"46":{"start":{"line":47,"column":0},"end":{"line":47,"column":15}},"47":{"start":{"line":48,"column":0},"end":{"line":48,"column":5}},"49":{"start":{"line":50,"column":0},"end":{"line":50,"column":54}},"50":{"start":{"line":51,"column":0},"end":{"line":51,"column":40}},"51":{"start":{"line":52,"column":0},"end":{"line":52,"column":65}},"52":{"start":{"line":53,"column":0},"end":{"line":53,"column":27}},"53":{"start":{"line":54,"column":0},"end":{"line":54,"column":81}},"54":{"start":{"line":55,"column":0},"end":{"line":55,"column":39}},"55":{"start":{"line":56,"column":0},"end":{"line":56,"column":40}},"56":{"start":{"line":57,"column":0},"end":{"line":57,"column":51}},"57":{"start":{"line":58,"column":0},"end":{"line":58,"column":1}},"59":{"start":{"line":60,"column":0},"end":{"line":60,"column":47}},"60":{"start":{"line":61,"column":0},"end":{"line":61,"column":66}},"61":{"start":{"line":62,"column":0},"end":{"line":62,"column":20}},"62":{"start":{"line":63,"column":0},"end":{"line":63,"column":27}},"63":{"start":{"line":64,"column":0},"end":{"line":64,"column":5}},"64":{"start":{"line":65,"column":0},"end":{"line":65,"column":1}},"66":{"start":{"line":67,"column":0},"end":{"line":67,"column":69}},"67":{"start":{"line":68,"column":0},"end":{"line":68,"column":55}},"68":{"start":{"line":69,"column":0},"end":{"line":69,"column":19}},"69":{"start":{"line":70,"column":0},"end":{"line":70,"column":36}},"70":{"start":{"line":71,"column":0},"end":{"line":71,"column":51}},"71":{"start":{"line":72,"column":0},"end":{"line":72,"column":5}},"72":{"start":{"line":73,"column":0},"end":{"line":73,"column":1}}},"s":{"0":1,"3":32,"4":32,"5":32,"6":2,"7":2,"8":30,"9":30,"11":1,"12":26,"13":26,"14":26,"15":26,"16":26,"17":26,"19":26,"20":26,"21":26,"22":26,"24":26,"25":3,"26":3,"27":3,"28":3,"29":3,"31":26,"32":3,"33":3,"34":3,"35":3,"36":3,"38":26,"39":26,"40":26,"41":26,"43":1,"44":7,"45":7,"46":1,"47":1,"49":6,"50":6,"51":6,"52":6,"53":6,"54":6,"55":6,"56":6,"57":6,"59":1,"60":3,"61":3,"62":1,"63":1,"64":3,"66":1,"67":6,"68":6,"69":5,"70":5,"71":5,"72":6},"branchMap":{"0":{"type":"branch","line":4,"loc":{"start":{"line":4,"column":0},"end":{"line":10,"column":1}},"locations":[{"start":{"line":4,"column":0},"end":{"line":10,"column":1}}]},"1":{"type":"branch","line":6,"loc":{"start":{"line":6,"column":13},"end":{"line":8,"column":5}},"locations":[{"start":{"line":6,"column":13},"end":{"line":8,"column":5}}]},"2":{"type":"branch","line":8,"loc":{"start":{"line":8,"column":4},"end":{"line":10,"column":1}},"locations":[{"start":{"line":8,"column":4},"end":{"line":10,"column":1}}]},"3":{"type":"branch","line":12,"loc":{"start":{"line":12,"column":7},"end":{"line":42,"column":1}},"locations":[{"start":{"line":12,"column":7},"end":{"line":42,"column":1}}]},"4":{"type":"branch","line":25,"loc":{"start":{"line":25,"column":8},"end":{"line":25,"column":29}},"locations":[{"start":{"line":25,"column":8},"end":{"line":25,"column":29}}]},"5":{"type":"branch","line":25,"loc":{"start":{"line":25,"column":29},"end":{"line":30,"column":5}},"locations":[{"start":{"line":25,"column":29},"end":{"line":30,"column":5}}]},"6":{"type":"branch","line":32,"loc":{"start":{"line":32,"column":8},"end":{"line":32,"column":28}},"locations":[{"start":{"line":32,"column":8},"end":{"line":32,"column":28}}]},"7":{"type":"branch","line":32,"loc":{"start":{"line":32,"column":28},"end":{"line":37,"column":5}},"locations":[{"start":{"line":32,"column":28},"end":{"line":37,"column":5}}]},"8":{"type":"branch","line":44,"loc":{"start":{"line":44,"column":7},"end":{"line":58,"column":1}},"locations":[{"start":{"line":44,"column":7},"end":{"line":58,"column":1}}]},"9":{"type":"branch","line":46,"loc":{"start":{"line":46,"column":27},"end":{"line":48,"column":5}},"locations":[{"start":{"line":46,"column":27},"end":{"line":48,"column":5}}]},"10":{"type":"branch","line":48,"loc":{"start":{"line":48,"column":4},"end":{"line":58,"column":1}},"locations":[{"start":{"line":48,"column":4},"end":{"line":58,"column":1}}]},"11":{"type":"branch","line":60,"loc":{"start":{"line":60,"column":7},"end":{"line":65,"column":1}},"locations":[{"start":{"line":60,"column":7},"end":{"line":65,"column":1}}]},"12":{"type":"branch","line":62,"loc":{"start":{"line":62,"column":19},"end":{"line":64,"column":5}},"locations":[{"start":{"line":62,"column":19},"end":{"line":64,"column":5}}]},"13":{"type":"branch","line":67,"loc":{"start":{"line":67,"column":7},"end":{"line":73,"column":1}},"locations":[{"start":{"line":67,"column":7},"end":{"line":73,"column":1}}]},"14":{"type":"branch","line":69,"loc":{"start":{"line":69,"column":18},"end":{"line":72,"column":5}},"locations":[{"start":{"line":69,"column":18},"end":{"line":72,"column":5}}]}},"b":{"0":[32],"1":[2],"2":[30],"3":[26],"4":[5],"5":[3],"6":[5],"7":[3],"8":[7],"9":[1],"10":[6],"11":[3],"12":[1],"13":[6],"14":[5]},"fnMap":{"0":{"name":"getMessagesEl","decl":{"start":{"line":4,"column":0},"end":{"line":10,"column":1}},"loc":{"start":{"line":4,"column":0},"end":{"line":10,"column":1}},"line":4},"1":{"name":"addMessage","decl":{"start":{"line":12,"column":7},"end":{"line":42,"column":1}},"loc":{"start":{"line":12,"column":7},"end":{"line":42,"column":1}},"line":12},"2":{"name":"addTypingIndicator","decl":{"start":{"line":44,"column":7},"end":{"line":58,"column":1}},"loc":{"start":{"line":44,"column":7},"end":{"line":58,"column":1}},"line":44},"3":{"name":"removeTypingIndicator","decl":{"start":{"line":60,"column":7},"end":{"line":65,"column":1}},"loc":{"start":{"line":60,"column":7},"end":{"line":65,"column":1}},"line":60},"4":{"name":"updateStatus","decl":{"start":{"line":67,"column":7},"end":{"line":73,"column":1}},"loc":{"start":{"line":67,"column":7},"end":{"line":73,"column":1}},"line":67}},"f":{"0":32,"1":26,"2":7,"3":3,"4":6}}
,"C:\\Users\\Cyprien\\Documents\\GitHub\\zikos\\frontend\\src\\websocket.ts": {"path":"C:\\Users\\Cyprien\\Documents\\GitHub\\zikos\\frontend\\src\\websocket.ts","all":false,"statementMap":{"0":{"start":{"line":1,"column":0},"end":{"line":1,"column":46}},"16":{"start":{"line":17,"column":0},"end":{"line":17,"column":32}},"17":{"start":{"line":18,"column":0},"end":{"line":18,"column":36}},"18":{"start":{"line":19,"column":0},"end":{"line":19,"column":25}},"19":{"start":{"line":20,"column":0},"end":{"line":20,"column":26}},"20":{"start":{"line":21,"column":0},"end":{"line":21,"column":43}},"22":{"start":{"line":23,"column":0},"end":{"line":23,"column":33}},"23":{"start":{"line":24,"column":0},"end":{"line":24,"column":27}},"24":{"start":{"line":25,"column":0},"end":{"line":25,"column":39}},"25":{"start":{"line":26,"column":0},"end":{"line":26,"column":32}},"26":{"start":{"line":27,"column":0},"end":{"line":27,"column":5}},"28":{"start":{"line":29,"column":0},"end":{"line":29,"column":50}},"29":{"start":{"line":30,"column":0},"end":{"line":30,"column":31}},"30":{"start":{"line":31,"column":0},"end":{"line":31,"column":21}},"32":{"start":{"line":33,"column":0},"end":{"line":33,"column":23}},"33":{"start":{"line":34,"column":0},"end":{"line":34,"column":30}},"34":{"start":{"line":35,"column":0},"end":{"line":35,"column":47}},"35":{"start":{"line":36,"column":0},"end":{"line":36,"column":86}},"36":{"start":{"line":37,"column":0},"end":{"line":37,"column":25}},"37":{"start":{"line":38,"column":0},"end":{"line":38,"column":40}},"38":{"start":{"line":39,"column":0},"end":{"line":39,"column":9}},"39":{"start":{"line":40,"column":0},"end":{"line":40,"column":6}},"41":{"start":{"line":42,"column":0},"end":{"line":42,"column":45}},"42":{"start":{"line":43,"column":0},"end":{"line":43,"column":32}},"43":{"start":{"line":44,"column":0},"end":{"line":44,"column":29}},"45":{"start":{"line":46,"column":0},"end":{"line":46,"column":13}},"46":{"start":{"line":47,"column":0},"end":{"line":47,"column":78}},"48":{"start":{"line":49,"column":0},"end":{"line":49,"column":34}},"49":{"start":{"line":50,"column":0},"end":{"line":50,"column":44}},"50":{"start":{"line":51,"column":0},"end":{"line":51,"column":40}},"51":{"start":{"line":52,"column":0},"end":{"line":52,"column":13}},"53":{"start":{"line":54,"column":0},"end":{"line":54,"column":43}},"54":{"start":{"line":55,"column":0},"end":{"line":55,"column":66}},"55":{"start":{"line":56,"column":0},"end":{"line":56,"column":99}},"56":{"start":{"line":57,"column":0},"end":{"line":57,"column":56}},"60":{"start":{"line":61,"column":0},"end":{"line":61,"column":35}},"61":{"start":{"line":62,"column":0},"end":{"line":62,"column":56}},"62":{"start":{"line":63,"column":0},"end":{"line":63,"column":57}},"63":{"start":{"line":64,"column":0},"end":{"line":64,"column":45}},"64":{"start":{"line":65,"column":0},"end":{"line":65,"column":18}},"65":{"start":{"line":66,"column":0},"end":{"line":66,"column":92}},"66":{"start":{"line":67,"column":0},"end":{"line":67,"column":56}},"71":{"start":{"line":72,"column":0},"end":{"line":72,"column":35}},"72":{"start":{"line":73,"column":0},"end":{"line":73,"column":56}},"73":{"start":{"line":74,"column":0},"end":{"line":74,"column":36}},"74":{"start":{"line":75,"column":0},"end":{"line":75,"column":49}},"75":{"start":{"line":76,"column":0},"end":{"line":76,"column":36}},"76":{"start":{"line":77,"column":0},"end":{"line":77,"column":18}},"77":{"start":{"line":78,"column":0},"end":{"line":78,"column":88}},"78":{"start":{"line":79,"column":0},"end":{"line":79,"column":56}},"84":{"start":{"line":85,"column":0},"end":{"line":85,"column":31}},"85":{"start":{"line":86,"column":0},"end":{"line":86,"column":58}},"86":{"start":{"line":87,"column":0},"end":{"line":87,"column":52}},"87":{"start":{"line":88,"column":0},"end":{"line":88,"column":30}},"88":{"start":{"line":89,"column":0},"end":{"line":89,"column":32}},"89":{"start":{"line":90,"column":0},"end":{"line":90,"column":36}},"90":{"start":{"line":91,"column":0},"end":{"line":91,"column":18}},"91":{"start":{"line":92,"column":0},"end":{"line":92,"column":100}},"92":{"start":{"line":93,"column":0},"end":{"line":93,"column":56}},"100":{"start":{"line":101,"column":0},"end":{"line":101,"column":42}},"101":{"start":{"line":102,"column":0},"end":{"line":102,"column":58}},"102":{"start":{"line":103,"column":0},"end":{"line":103,"column":38}},"103":{"start":{"line":104,"column":0},"end":{"line":104,"column":38}},"104":{"start":{"line":105,"column":0},"end":{"line":105,"column":49}},"105":{"start":{"line":106,"column":0},"end":{"line":106,"column":45}},"106":{"start":{"line":107,"column":0},"end":{"line":107,"column":47}},"107":{"start":{"line":108,"column":0},"end":{"line":108,"column":36}},"108":{"start":{"line":109,"column":0},"end":{"line":109,"column":18}},"109":{"start":{"line":110,"column":0},"end":{"line":110,"column":96}},"110":{"start":{"line":111,"column":0},"end":{"line":111,"column":56}},"118":{"start":{"line":119,"column":0},"end":{"line":119,"column":38}},"119":{"start":{"line":120,"column":0},"end":{"line":120,"column":58}},"120":{"start":{"line":121,"column":0},"end":{"line":121,"column":41}},"121":{"start":{"line":122,"column":0},"end":{"line":122,"column":40}},"122":{"start":{"line":123,"column":0},"end":{"line":123,"column":47}},"123":{"start":{"line":124,"column":0},"end":{"line":124,"column":49}},"124":{"start":{"line":125,"column":0},"end":{"line":125,"column":47}},"125":{"start":{"line":126,"column":0},"end":{"line":126,"column":36}},"126":{"start":{"line":127,"column":0},"end":{"line":127,"column":18}},"127":{"start":{"line":128,"column":0},"end":{"line":128,"column":94}},"128":{"start":{"line":129,"column":0},"end":{"line":129,"column":56}},"134":{"start":{"line":135,"column":0},"end":{"line":135,"column":36}},"135":{"start":{"line":136,"column":0},"end":{"line":136,"column":56}},"136":{"start":{"line":137,"column":0},"end":{"line":137,"column":45}},"137":{"start":{"line":138,"column":0},"end":{"line":138,"column":48}},"138":{"start":{"line":139,"column":0},"end":{"line":139,"column":42}},"139":{"start":{"line":140,"column":0},"end":{"line":140,"column":36}},"140":{"start":{"line":141,"column":0},"end":{"line":141,"column":18}},"141":{"start":{"line":142,"column":0},"end":{"line":142,"column":97}},"142":{"start":{"line":143,"column":0},"end":{"line":143,"column":56}},"148":{"start":{"line":149,"column":0},"end":{"line":149,"column":39}},"149":{"start":{"line":150,"column":0},"end":{"line":150,"column":58}},"150":{"start":{"line":151,"column":0},"end":{"line":151,"column":42}},"151":{"start":{"line":152,"column":0},"end":{"line":152,"column":30}},"152":{"start":{"line":153,"column":0},"end":{"line":153,"column":48}},"153":{"start":{"line":154,"column":0},"end":{"line":154,"column":36}},"154":{"start":{"line":155,"column":0},"end":{"line":155,"column":18}},"155":{"start":{"line":156,"column":0},"end":{"line":156,"column":61}},"156":{"start":{"line":157,"column":0},"end":{"line":157,"column":55}},"157":{"start":{"line":158,"column":0},"end":{"line":158,"column":51}},"158":{"start":{"line":159,"column":0},"end":{"line":159,"column":63}},"159":{"start":{"line":160,"column":0},"end":{"line":160,"column":47}},"160":{"start":{"line":161,"column":0},"end":{"line":161,"column":81}},"161":{"start":{"line":162,"column":0},"end":{"line":162,"column":13}},"162":{"start":{"line":163,"column":0},"end":{"line":163,"column":25}},"163":{"start":{"line":164,"column":0},"end":{"line":164,"column":69}},"164":{"start":{"line":165,"column":0},"end":{"line":165,"column":72}},"165":{"start":{"line":166,"column":0},"end":{"line":166,"column":9}},"166":{"start":{"line":167,"column":0},"end":{"line":167,"column":6}},"168":{"start":{"line":169,"column":0},"end":{"line":169,"column":36}},"169":{"start":{"line":170,"column":0},"end":{"line":170,"column":57}},"170":{"start":{"line":171,"column":0},"end":{"line":171,"column":49}},"171":{"start":{"line":172,"column":0},"end":{"line":172,"column":6}},"173":{"start":{"line":174,"column":0},"end":{"line":174,"column":24}},"174":{"start":{"line":175,"column":0},"end":{"line":175,"column":53}},"175":{"start":{"line":176,"column":0},"end":{"line":176,"column":86}},"176":{"start":{"line":177,"column":0},"end":{"line":177,"column":25}},"177":{"start":{"line":178,"column":0},"end":{"line":178,"column":39}},"178":{"start":{"line":179,"column":0},"end":{"line":179,"column":9}},"180":{"start":{"line":181,"column":0},"end":{"line":181,"column":28}},"181":{"start":{"line":182,"column":0},"end":{"line":182,"column":64}},"182":{"start":{"line":183,"column":0},"end":{"line":183,"column":90}},"184":{"start":{"line":185,"column":0},"end":{"line":185,"column":52}},"185":{"start":{"line":186,"column":0},"end":{"line":186,"column":22}},"186":{"start":{"line":187,"column":0},"end":{"line":187,"column":18}},"187":{"start":{"line":188,"column":0},"end":{"line":188,"column":6}},"188":{"start":{"line":189,"column":0},"end":{"line":189,"column":1}},"190":{"start":{"line":191,"column":0},"end":{"line":191,"column":55}},"191":{"start":{"line":192,"column":0},"end":{"line":192,"column":66}},"192":{"start":{"line":193,"column":0},"end":{"line":193,"column":28}},"193":{"start":{"line":194,"column":0},"end":{"line":194,"column":29}},"194":{"start":{"line":195,"column":0},"end":{"line":195,"column":16}},"195":{"start":{"line":196,"column":0},"end":{"line":196,"column":28}},"196":{"start":{"line":197,"column":0},"end":{"line":197,"column":32}},"197":{"start":{"line":198,"column":0},"end":{"line":198,"column":33}},"198":{"start":{"line":199,"column":0},"end":{"line":199,"column":38}},"199":{"start":{"line":200,"column":0},"end":{"line":200,"column":14}},"200":{"start":{"line":201,"column":0},"end":{"line":201,"column":10}},"201":{"start":{"line":202,"column":0},"end":{"line":202,"column":20}},"202":{"start":{"line":203,"column":0},"end":{"line":203,"column":5}},"203":{"start":{"line":204,"column":0},"end":{"line":204,"column":17}},"204":{"start":{"line":205,"column":0},"end":{"line":205,"column":1}},"206":{"start":{"line":207,"column":0},"end":{"line":207,"column":44}},"207":{"start":{"line":208,"column":0},"end":{"line":208,"column":24}},"208":{"start":{"line":209,"column":0},"end":{"line":209,"column":1}},"210":{"start":{"line":211,"column":0},"end":{"line":211,"column":31}},"211":{"start":{"line":212,"column":0},"end":{"line":212,"column":14}},"212":{"start":{"line":213,"column":0},"end":{"line":213,"column":21}},"213":{"start":{"line":214,"column":0},"end":{"line":214,"column":25}},"214":{"start":{"line":215,"column":0},"end":{"line":215,"column":26}},"215":{"start":{"line":216,"column":0},"end":{"line":216,"column":27}},"216":{"start":{"line":217,"column":0},"end":{"line":217,"column":39}},"217":{"start":{"line":218,"column":0},"end":{"line":218,"column":32}},"218":{"start":{"line":219,"column":0},"end":{"line":219,"column":5}},"219":{"start":{"line":220,"column":0},"end":{"line":220,"column":1}}},"s":{"0":1,"16":1,"17":1,"18":1,"19":1,"20":1,"22":1,"23":39,"24":2,"25":2,"26":2,"28":39,"29":39,"30":39,"32":39,"33":39,"34":39,"35":39,"36":39,"37":39,"38":39,"39":39,"41":39,"42":17,"43":17,"45":17,"46":17,"48":17,"49":2,"50":2,"51":2,"53":17,"54":4,"55":17,"56":2,"60":2,"61":2,"62":2,"63":2,"64":2,"65":12,"66":1,"71":1,"72":1,"73":1,"74":1,"75":1,"76":1,"77":10,"78":1,"84":1,"85":1,"86":1,"87":1,"88":1,"89":1,"90":1,"91":9,"92":1,"100":1,"101":1,"102":1,"103":1,"104":1,"105":1,"106":1,"107":1,"108":1,"109":8,"110":1,"118":1,"119":1,"120":1,"121":1,"122":1,"123":1,"124":1,"125":1,"126":1,"127":7,"128":1,"134":1,"135":1,"136":1,"137":1,"138":1,"139":1,"140":1,"141":6,"142":1,"148":1,"149":1,"150":1,"151":1,"152":1,"153":1,"154":1,"155":5,"156":1,"157":1,"158":1,"159":4,"160":2,"161":2,"162":17,"163":1,"164":1,"165":1,"166":17,"168":39,"169":1,"170":1,"171":1,"173":39,"174":23,"175":23,"176":23,"177":23,"178":23,"180":23,"181":23,"182":23,"184":23,"185":0,"186":23,"187":23,"188":39,"190":1,"191":10,"192":4,"193":4,"194":4,"195":4,"196":4,"197":4,"198":4,"199":4,"200":4,"201":4,"202":4,"203":6,"204":6,"206":1,"207":3,"208":3,"210":1,"211":81,"212":81,"213":81,"214":81,"215":81,"216":5,"217":5,"218":5,"219":81},"branchMap":{"0":{"type":"branch","line":23,"loc":{"start":{"line":23,"column":7},"end":{"line":189,"column":1}},"locations":[{"start":{"line":23,"column":7},"end":{"line":189,"column":1}}]},"1":{"type":"branch","line":24,"loc":{"start":{"line":24,"column":26},"end":{"line":27,"column":5}},"locations":[{"start":{"line":24,"column":26},"end":{"line":27,"column":5}}]},"2":{"type":"branch","line":33,"loc":{"start":{"line":33,"column":16},"end":{"line":40,"column":6}},"locations":[{"start":{"line":33,"column":16},"end":{"line":40,"column":6}}]},"3":{"type":"branch","line":42,"loc":{"start":{"line":42,"column":19},"end":{"line":167,"column":6}},"locations":[{"start":{"line":42,"column":19},"end":{"line":167,"column":6}}]},"4":{"type":"branch","line":49,"loc":{"start":{"line":49,"column":33},"end":{"line":52,"column":13}},"locations":[{"start":{"line":49,"column":33},"end":{"line":52,"column":13}}]},"5":{"type":"branch","line":52,"loc":{"start":{"line":52,"column":12},"end":{"line":54,"column":42}},"locations":[{"start":{"line":52,"column":12},"end":{"line":54,"column":42}}]},"6":{"type":"branch","line":54,"loc":{"start":{"line":54,"column":42},"end":{"line":56,"column":23}},"locations":[{"start":{"line":54,"column":42},"end":{"line":56,"column":23}}]},"7":{"type":"branch","line":55,"loc":{"start":{"line":55,"column":32},"end":{"line":55,"column":47}},"locations":[{"start":{"line":55,"column":32},"end":{"line":55,"column":47}}]},"8":{"type":"branch","line":56,"loc":{"start":{"line":56,"column":12},"end":{"line":162,"column":13}},"locations":[{"start":{"line":56,"column":12},"end":{"line":162,"column":13}}]},"9":{"type":"branch","line":56,"loc":{"start":{"line":56,"column":37},"end":{"line":56,"column":98}},"locations":[{"start":{"line":56,"column":37},"end":{"line":56,"column":98}}]},"10":{"type":"branch","line":56,"loc":{"start":{"line":56,"column":98},"end":{"line":66,"column":23}},"locations":[{"start":{"line":56,"column":98},"end":{"line":66,"column":23}}]},"11":{"type":"branch","line":57,"loc":{"start":{"line":57,"column":35},"end":{"line":57,"column":56}},"locations":[{"start":{"line":57,"column":35},"end":{"line":57,"column":56}}]},"12":{"type":"branch","line":62,"loc":{"start":{"line":62,"column":25},"end":{"line":62,"column":56}},"locations":[{"start":{"line":62,"column":25},"end":{"line":62,"column":56}}]},"13":{"type":"branch","line":63,"loc":{"start":{"line":63,"column":25},"end":{"line":63,"column":57}},"locations":[{"start":{"line":63,"column":25},"end":{"line":63,"column":57}}]},"14":{"type":"branch","line":64,"loc":{"start":{"line":64,"column":25},"end":{"line":64,"column":45}},"locations":[{"start":{"line":64,"column":25},"end":{"line":64,"column":45}}]},"15":{"type":"branch","line":66,"loc":{"start":{"line":66,"column":12},"end":{"line":162,"column":13}},"locations":[{"start":{"line":66,"column":12},"end":{"line":162,"column":13}}]},"16":{"type":"branch","line":66,"loc":{"start":{"line":66,"column":37},"end":{"line":66,"column":91}},"locations":[{"start":{"line":66,"column":37},"end":{"line":66,"column":91}}]},"17":{"type":"branch","line":66,"loc":{"start":{"line":66,"column":91},"end":{"line":78,"column":23}},"locations":[{"start":{"line":66,"column":91},"end":{"line":78,"column":23}}]},"18":{"type":"branch","line":67,"loc":{"start":{"line":67,"column":35},"end":{"line":67,"column":56}},"locations":[{"start":{"line":67,"column":35},"end":{"line":67,"column":56}}]},"19":{"type":"branch","line":73,"loc":{"start":{"line":73,"column":25},"end":{"line":73,"column":56}},"locations":[{"start":{"line":73,"column":25},"end":{"line":73,"column":56}}]},"20":{"type":"branch","line":74,"loc":{"start":{"line":74,"column":25},"end":{"line":74,"column":36}},"locations":[{"start":{"line":74,"column":25},"end":{"line":74,"column":36}}]},"21":{"type":"branch","line":75,"loc":{"start":{"line":75,"column":25},"end":{"line":75,"column":49}},"locations":[{"start":{"line":75,"column":25},"end":{"line":75,"column":49}}]},"22":{"type":"branch","line":78,"loc":{"start":{"line":78,"column":12},"end":{"line":162,"column":13}},"locations":[{"start":{"line":78,"column":12},"end":{"line":162,"column":13}}]},"23":{"type":"branch","line":78,"loc":{"start":{"line":78,"column":37},"end":{"line":78,"column":87}},"locations":[{"start":{"line":78,"column":37},"end":{"line":78,"column":87}}]},"24":{"type":"branch","line":78,"loc":{"start":{"line":78,"column":87},"end":{"line":92,"column":23}},"locations":[{"start":{"line":78,"column":87},"end":{"line":92,"column":23}}]},"25":{"type":"branch","line":79,"loc":{"start":{"line":79,"column":35},"end":{"line":79,"column":56}},"locations":[{"start":{"line":79,"column":35},"end":{"line":79,"column":56}}]},"26":{"type":"branch","line":86,"loc":{"start":{"line":86,"column":25},"end":{"line":86,"column":58}},"locations":[{"start":{"line":86,"column":25},"end":{"line":86,"column":58}}]},"27":{"type":"branch","line":87,"loc":{"start":{"line":87,"column":25},"end":{"line":87,"column":52}},"locations":[{"start":{"line":87,"column":25},"end":{"line":87,"column":52}}]},"28":{"type":"branch","line":92,"loc":{"start":{"line":92,"column":12},"end":{"line":162,"column":13}},"locations":[{"start":{"line":92,"column":12},"end":{"line":162,"column":13}}]},"29":{"type":"branch","line":92,"loc":{"start":{"line":92,"column":37},"end":{"line":92,"column":99}},"locations":[{"start":{"line":92,"column":37},"end":{"line":92,"column":99}}]},"30":{"type":"branch","line":92,"loc":{"start":{"line":92,"column":99},"end":{"line":110,"column":23}},"locations":[{"start":{"line":92,"column":99},"end":{"line":110,"column":23}}]},"31":{"type":"branch","line":93,"loc":{"start":{"line":93,"column":35},"end":{"line":93,"column":56}},"locations":[{"start":{"line":93,"column":35},"end":{"line":93,"column":56}}]},"32":{"type":"branch","line":102,"loc":{"start":{"line":102,"column":25},"end":{"line":102,"column":58}},"locations":[{"start":{"line":102,"column":25},"end":{"line":102,"column":58}}]},"33":{"type":"branch","line":103,"loc":{"start":{"line":103,"column":25},"end":{"line":103,"column":38}},"locations":[{"start":{"line":103,"column":25},"end":{"line":103,"column":38}}]},"34":{"type":"branch","line":104,"loc":{"start":{"line":104,"column":25},"end":{"line":104,"column":38}},"locations":[{"start":{"line":104,"column":25},"end":{"line":104,"column":38}}]},"35":{"type":"branch","line":105,"loc":{"start":{"line":105,"column":25},"end":{"line":105,"column":49}},"locations":[{"start":{"line":105,"column":25},"end":{"line":105,"column":49}}]},"36":{"type":"branch","line":106,"loc":{"start":{"line":106,"column":25},"end":{"line":106,"column":45}},"locations":[{"start":{"line":106,"column":25},"end":{"line":106,"column":45}}]},"37":{"type":"branch","line":107,"loc":{"start":{"line":107,"column":25},"end":{"line":107,"column":47}},"locations":[{"start":{"line":107,"column":25},"end":{"line":107,"column":47}}]},"38":{"type":"branch","line":110,"loc":{"start":{"line":110,"column":12},"end":{"line":162,"column":13}},"locations":[{"start":{"line":110,"column":12},"end":{"line":162,"column":13}}]},"39":{"type":"branch","line":110,"loc":{"start":{"line":110,"column":37},"end":{"line":110,"column":95}},"locations":[{"start":{"line":110,"column":37},"end":{"line":110,"column":95}}]},"40":{"type":"branch","line":110,"loc":{"start":{"line":110,"column":95},"end":{"line":128,"column":23}},"locations":[{"start":{"line":110,"column":95},"end":{"line":128,"column":23}}]},"41":{"type":"branch","line":111,"loc":{"start":{"line":111,"column":35},"end":{"line":111,"column":56}},"locations":[{"start":{"line":111,"column":35},"end":{"line":111,"column":56}}]},"42":{"type":"branch","line":120,"loc":{"start":{"line":120,"column":25},"end":{"line":120,"column":58}},"locations":[{"start":{"line":120,"column":25},"end":{"line":120,"column":58}}]},"43":{"type":"branch","line":121,"loc":{"start":{"line":121,"column":25},"end":{"line":121,"column":41}},"locations":[{"start":{"line":121,"column":25},"end":{"line":121,"column":41}}]},"44":{"type":"branch","line":122,"loc":{"start":{"line":122,"column":25},"end":{"line":122,"column":40}},"locations":[{"start":{"line":122,"column":25},"end":{"line":122,"column":40}}]},"45":{"type":"branch","line":123,"loc":{"start":{"line":123,"column":25},"end":{"line":123,"column":47}},"locations":[{"start":{"line":123,"column":25},"end":{"line":123,"column":47}}]},"46":{"type":"branch","line":124,"loc":{"start":{"line":124,"column":25},"end":{"line":124,"column":49}},"locations":[{"start":{"line":124,"column":25},"end":{"line":124,"column":49}}]},"47":{"type":"branch","line":125,"loc":{"start":{"line":125,"column":25},"end":{"line":125,"column":47}},"locations":[{"start":{"line":125,"column":25},"end":{"line":125,"column":47}}]},"48":{"type":"branch","line":128,"loc":{"start":{"line":128,"column":12},"end":{"line":162,"column":13}},"locations":[{"start":{"line":128,"column":12},"end":{"line":162,"column":13}}]},"49":{"type":"branch","line":128,"loc":{"start":{"line":128,"column":37},"end":{"line":128,"column":93}},"locations":[{"start":{"line":128,"column":37},"end":{"line":128,"column":93}}]},"50":{"type":"branch","line":128,"loc":{"start":{"line":128,"column":93},"end":{"line":142,"column":23}},"locations":[{"start":{"line":128,"column":93},"end":{"line":142,"column":23}}]},"51":{"type":"branch","line":129,"loc":{"start":{"line":129,"column":35},"end":{"line":129,"column":56}},"locations":[{"start":{"line":129,"column":35},"end":{"line":129,"column":56}}]},"52":{"type":"branch","line":136,"loc":{"start":{"line":136,"column":25},"end":{"line":136,"column":56}},"locations":[{"start":{"line":136,"column":25},"end":{"line":136,"column":56}}]},"53":{"type":"branch","line":137,"loc":{"start":{"line":137,"column":25},"end":{"line":137,"column":45}},"locations":[{"start":{"line":137,"column":25},"end":{"line":137,"column":45}}]},"54":{"type":"branch","line":138,"loc":{"start":{"line":138,"column":25},"end":{"line":138,"column":48}},"locations":[{"start":{"line":138,"column":25},"end":{"line":138,"column":48}}]},"55":{"type":"branch","line":139,"loc":{"start":{"line":139,"column":25},"end":{"line":139,"column":42}},"locations":[{"start":{"line":139,"column":25},"end":{"line":139,"column":42}}]},"56":{"type":"branch","line":142,"loc":{"start":{"line":142,"column":12},"end":{"line":162,"column":13}},"locations":[{"start":{"line":142,"column":12},"end":{"line":162,"column":13}}]},"57":{"type":"branch","line":142,"loc":{"start":{"line":142,"column":37},"end":{"line":142,"column":96}},"locations":[{"start":{"line":142,"column":37},"end":{"line":142,"column":96}}]},"58":{"type":"branch","line":142,"loc":{"start":{"line":142,"column":96},"end":{"line":156,"column":23}},"locations":[{"start":{"line":142,"column":96},"end":{"line":156,"column":23}}]},"59":{"type":"branch","line":143,"loc":{"start":{"line":143,"column":35},"end":{"line":143,"column":56}},"locations":[{"start":{"line":143,"column":35},"end":{"line":143,"column":56}}]},"60":{"type":"branch","line":150,"loc":{"start":{"line":150,"column":25},"end":{"line":150,"column":58}},"locations":[{"start":{"line":150,"column":25},"end":{"line":150,"column":58}}]},"61":{"type":"branch","line":156,"loc":{"start":{"line":156,"column":12},"end":{"line":162,"column":13}},"locations":[{"start":{"line":156,"column":12},"end":{"line":162,"column":13}}]},"62":{"type":"branch","line":156,"loc":{"start":{"line":156,"column":60},"end":{"line":160,"column":23}},"locations":[{"start":{"line":156,"column":60},"end":{"line":160,"column":23}}]},"63":{"type":"branch","line":157,"loc":{"start":{"line":157,"column":41},"end":{"line":157,"column":55}},"locations":[{"start":{"line":157,"column":41},"end":{"line":157,"column":55}}]},"64":{"type":"branch","line":160,"loc":{"start":{"line":160,"column":12},"end":{"line":162,"column":13}},"locations":[{"start":{"line":160,"column":12},"end":{"line":162,"column":13}}]},"65":{"type":"branch","line":160,"loc":{"start":{"line":160,"column":46},"end":{"line":162,"column":13}},"locations":[{"start":{"line":160,"column":46},"end":{"line":162,"column":13}}]},"66":{"type":"branch","line":161,"loc":{"start":{"line":161,"column":42},"end":{"line":161,"column":68}},"locations":[{"start":{"line":161,"column":42},"end":{"line":161,"column":68}}]},"67":{"type":"branch","line":163,"loc":{"start":{"line":163,"column":8},"end":{"line":166,"column":9}},"locations":[{"start":{"line":163,"column":8},"end":{"line":166,"column":9}}]},"68":{"type":"branch","line":169,"loc":{"start":{"line":169,"column":17},"end":{"line":172,"column":6}},"locations":[{"start":{"line":169,"column":17},"end":{"line":172,"column":6}}]},"69":{"type":"branch","line":174,"loc":{"start":{"line":174,"column":17},"end":{"line":188,"column":6}},"locations":[{"start":{"line":174,"column":17},"end":{"line":188,"column":6}}]},"70":{"type":"branch","line":191,"loc":{"start":{"line":191,"column":7},"end":{"line":205,"column":1}},"locations":[{"start":{"line":191,"column":7},"end":{"line":205,"column":1}}]},"71":{"type":"branch","line":192,"loc":{"start":{"line":192,"column":8},"end":{"line":192,"column":50}},"locations":[{"start":{"line":192,"column":8},"end":{"line":192,"column":50}}]},"72":{"type":"branch","line":192,"loc":{"start":{"line":192,"column":42},"end":{"line":192,"column":65}},"locations":[{"start":{"line":192,"column":42},"end":{"line":192,"column":65}}]},"73":{"type":"branch","line":192,"loc":{"start":{"line":192,"column":65},"end":{"line":203,"column":5}},"locations":[{"start":{"line":192,"column":65},"end":{"line":203,"column":5}}]},"74":{"type":"branch","line":203,"loc":{"start":{"line":203,"column":4},"end":{"line":205,"column":1}},"locations":[{"start":{"line":203,"column":4},"end":{"line":205,"column":1}}]},"75":{"type":"branch","line":207,"loc":{"start":{"line":207,"column":7},"end":{"line":209,"column":1}},"locations":[{"start":{"line":207,"column":7},"end":{"line":209,"column":1}}]},"76":{"type":"branch","line":211,"loc":{"start":{"line":211,"column":7},"end":{"line":220,"column":1}},"locations":[{"start":{"line":211,"column":7},"end":{"line":220,"column":1}}]},"77":{"type":"branch","line":216,"loc":{"start":{"line":216,"column":26},"end":{"line":219,"column":5}},"locations":[{"start":{"line":216,"column":26},"end":{"line":219,"column":5}}]}},"b":{"0":[39],"1":[2],"2":[39],"3":[17],"4":[2],"5":[16],"6":[4],"7":[1],"8":[12],"9":[9],"10":[2],"11":[0],"12":[1],"13":[0],"14":[0],"15":[10],"16":[7],"17":[1],"18":[0],"19":[0],"20":[0],"21":[0],"22":[9],"23":[6],"24":[1],"25":[0],"26":[0],"27":[0],"28":[8],"29":[5],"30":[1],"31":[0],"32":[0],"33":[0],"34":[0],"35":[0],"36":[0],"37":[0],"38":[7],"39":[4],"40":[1],"41":[0],"42":[0],"43":[0],"44":[0],"45":[0],"46":[0],"47":[0],"48":[6],"49":[3],"50":[1],"51":[0],"52":[0],"53":[0],"54":[0],"55":[0],"56":[5],"57":[2],"58":[1],"59":[0],"60":[0],"61":[4],"62":[1],"63":[0],"64":[3],"65":[2],"66":[1],"67":[1],"68":[1],"69":[23],"70":[10],"71":[8],"72":[5],"73":[4],"74":[6],"75":[3],"76":[81],"77":[5]},"fnMap":{"0":{"name":"connect","decl":{"start":{"line":23,"column":7},"end":{"line":189,"column":1}},"loc":{"start":{"line":23,"column":7},"end":{"line":189,"column":1}},"line":23},"1":{"name":"ws.onopen","decl":{"start":{"line":33,"column":16},"end":{"line":40,"column":6}},"loc":{"start":{"line":33,"column":16},"end":{"line":40,"column":6}},"line":33},"2":{"name":"ws.onmessage","decl":{"start":{"line":42,"column":19},"end":{"line":167,"column":6}},"loc":{"start":{"line":42,"column":19},"end":{"line":167,"column":6}},"line":42},"3":{"name":"ws.onerror","decl":{"start":{"line":169,"column":17},"end":{"line":172,"column":6}},"loc":{"start":{"line":169,"column":17},"end":{"line":172,"column":6}},"line":169},"4":{"name":"ws.onclose","decl":{"start":{"line":174,"column":17},"end":{"line":188,"column":6}},"loc":{"start":{"line":174,"column":17},"end":{"line":188,"column":6}},"line":174},"5":{"name":"sendMessage","decl":{"start":{"line":191,"column":7},"end":{"line":205,"column":1}},"loc":{"start":{"line":191,"column":7},"end":{"line":205,"column":1}},"line":191},"6":{"name":"getIsProcessing","decl":{"start":{"line":207,"column":7},"end":{"line":209,"column":1}},"loc":{"start":{"line":207,"column":7},"end":{"line":209,"column":1}},"line":207},"7":{"name":"reset","decl":{"start":{"line":211,"column":7},"end":{"line":220,"column":1}},"loc":{"start":{"line":211,"column":7},"end":{"line":220,"column":1}},"line":211}},"f":{"0":39,"1":39,"2":17,"3":1,"4":23,"5":10,"6":3,"7":81}}
,"C:\\Users\\Cyprien\\Documents\\GitHub\\zikos\\frontend\\src\\widgets\\chordProgression.ts": {"path":"C:\\Users\\Cyprien\\Documents\\GitHub\\zikos\\frontend\\src\\widgets\\chordProgression.ts","all":false,"statementMap":{"2":{"start":{"line":3,"column":0},"end":{"line":3,"column":39}},"3":{"start":{"line":4,"column":0},"end":{"line":4,"column":51}},"4":{"start":{"line":5,"column":0},"end":{"line":5,"column":14}},"5":{"start":{"line":6,"column":0},"end":{"line":6,"column":54}},"6":{"start":{"line":7,"column":0},"end":{"line":7,"column":5}},"7":{"start":{"line":8,"column":0},"end":{"line":8,"column":29}},"8":{"start":{"line":9,"column":0},"end":{"line":9,"column":1}},"10":{"start":{"line":11,"column":0},"end":{"line":11,"column":67}},"12":{"start":{"line":13,"column":0},"end":{"line":13,"column":42}},"13":{"start":{"line":14,"column":0},"end":{"line":14,"column":26}},"14":{"start":{"line":15,"column":0},"end":{"line":15,"column":21}},"15":{"start":{"line":16,"column":0},"end":{"line":16,"column":18}},"16":{"start":{"line":17,"column":0},"end":{"line":17,"column":26}},"17":{"start":{"line":18,"column":0},"end":{"line":18,"column":25}},"18":{"start":{"line":19,"column":0},"end":{"line":19,"column":24}},"19":{"start":{"line":20,"column":0},"end":{"line":20,"column":24}},"20":{"start":{"line":21,"column":0},"end":{"line":21,"column":9}},"21":{"start":{"line":22,"column":0},"end":{"line":22,"column":51}},"22":{"start":{"line":23,"column":0},"end":{"line":23,"column":52}},"23":{"start":{"line":24,"column":0},"end":{"line":24,"column":43}},"24":{"start":{"line":25,"column":0},"end":{"line":25,"column":26}},"26":{"start":{"line":27,"column":0},"end":{"line":27,"column":77}},"27":{"start":{"line":28,"column":0},"end":{"line":28,"column":76}},"28":{"start":{"line":29,"column":0},"end":{"line":29,"column":113}},"31":{"start":{"line":32,"column":0},"end":{"line":32,"column":61}},"32":{"start":{"line":33,"column":0},"end":{"line":33,"column":91}},"35":{"start":{"line":36,"column":0},"end":{"line":36,"column":89}},"36":{"start":{"line":37,"column":0},"end":{"line":37,"column":113}},"37":{"start":{"line":38,"column":0},"end":{"line":38,"column":89}},"38":{"start":{"line":39,"column":0},"end":{"line":39,"column":94}},"41":{"start":{"line":42,"column":0},"end":{"line":42,"column":39}},"42":{"start":{"line":43,"column":0},"end":{"line":43,"column":37}},"43":{"start":{"line":44,"column":0},"end":{"line":44,"column":51}},"44":{"start":{"line":45,"column":0},"end":{"line":45,"column":56}},"45":{"start":{"line":46,"column":0},"end":{"line":46,"column":58}},"46":{"start":{"line":47,"column":0},"end":{"line":47,"column":56}},"47":{"start":{"line":48,"column":0},"end":{"line":48,"column":44}},"48":{"start":{"line":49,"column":0},"end":{"line":49,"column":88}},"49":{"start":{"line":50,"column":0},"end":{"line":50,"column":6}},"50":{"start":{"line":51,"column":0},"end":{"line":51,"column":84}},"51":{"start":{"line":52,"column":0},"end":{"line":52,"column":82}},"52":{"start":{"line":53,"column":0},"end":{"line":53,"column":42}},"53":{"start":{"line":54,"column":0},"end":{"line":54,"column":15}},"54":{"start":{"line":55,"column":0},"end":{"line":55,"column":14}},"55":{"start":{"line":56,"column":0},"end":{"line":56,"column":22}},"56":{"start":{"line":57,"column":0},"end":{"line":57,"column":21}},"57":{"start":{"line":58,"column":0},"end":{"line":58,"column":17}},"58":{"start":{"line":59,"column":0},"end":{"line":59,"column":27}},"59":{"start":{"line":60,"column":0},"end":{"line":60,"column":25}},"60":{"start":{"line":61,"column":0},"end":{"line":61,"column":29}},"61":{"start":{"line":62,"column":0},"end":{"line":62,"column":25}},"62":{"start":{"line":63,"column":0},"end":{"line":63,"column":7}},"63":{"start":{"line":64,"column":0},"end":{"line":64,"column":1}},"65":{"start":{"line":66,"column":0},"end":{"line":66,"column":54}},"66":{"start":{"line":67,"column":0},"end":{"line":67,"column":53}},"67":{"start":{"line":68,"column":0},"end":{"line":68,"column":13}},"68":{"start":{"line":69,"column":0},"end":{"line":69,"column":16}},"69":{"start":{"line":70,"column":0},"end":{"line":70,"column":14}},"70":{"start":{"line":71,"column":0},"end":{"line":71,"column":13}},"71":{"start":{"line":72,"column":0},"end":{"line":72,"column":16}},"72":{"start":{"line":73,"column":0},"end":{"line":73,"column":14}},"73":{"start":{"line":74,"column":0},"end":{"line":74,"column":13}},"74":{"start":{"line":75,"column":0},"end":{"line":75,"column":16}},"75":{"start":{"line":76,"column":0},"end":{"line":76,"column":14}},"76":{"start":{"line":77,"column":0},"end":{"line":77,"column":13}},"77":{"start":{"line":78,"column":0},"end":{"line":78,"column":16}},"78":{"start":{"line":79,"column":0},"end":{"line":79,"column":14}},"79":{"start":{"line":80,"column":0},"end":{"line":80,"column":13}},"80":{"start":{"line":81,"column":0},"end":{"line":81,"column":16}},"81":{"start":{"line":82,"column":0},"end":{"line":82,"column":14}},"82":{"start":{"line":83,"column":0},"end":{"line":83,"column":13}},"83":{"start":{"line":84,"column":0},"end":{"line":84,"column":17}},"84":{"start":{"line":85,"column":0},"end":{"line":85,"column":15}},"85":{"start":{"line":86,"column":0},"end":{"line":86,"column":14}},"86":{"start":{"line":87,"column":0},"end":{"line":87,"column":16}},"87":{"start":{"line":88,"column":0},"end":{"line":88,"column":15}},"88":{"start":{"line":89,"column":0},"end":{"line":89,"column":6}},"90":{"start":{"line":91,"column":0},"end":{"line":91,"column":51}},"91":{"start":{"line":92,"column":0},"end":{"line":92,"column":44}},"92":{"start":{"line":93,"column":0},"end":{"line":93,"column":53}},"94":{"start":{"line":95,"column":0},"end":{"line":95,"column":21}},"95":{"start":{"line":96,"column":0},"end":{"line":96,"column":81}},"97":{"start":{"line":98,"column":0},"end":{"line":98,"column":68}},"98":{"start":{"line":99,"column":0},"end":{"line":99,"column":28}},"100":{"start":{"line":101,"column":0},"end":{"line":101,"column":63}},"101":{"start":{"line":102,"column":0},"end":{"line":102,"column":30}},"102":{"start":{"line":103,"column":0},"end":{"line":103,"column":43}},"103":{"start":{"line":104,"column":0},"end":{"line":104,"column":30}},"104":{"start":{"line":105,"column":0},"end":{"line":105,"column":43}},"105":{"start":{"line":106,"column":0},"end":{"line":106,"column":30}},"106":{"start":{"line":107,"column":0},"end":{"line":107,"column":44}},"107":{"start":{"line":108,"column":0},"end":{"line":108,"column":30}},"108":{"start":{"line":109,"column":0},"end":{"line":109,"column":73}},"109":{"start":{"line":110,"column":0},"end":{"line":110,"column":30}},"110":{"start":{"line":111,"column":0},"end":{"line":111,"column":12}},"111":{"start":{"line":112,"column":0},"end":{"line":112,"column":30}},"112":{"start":{"line":113,"column":0},"end":{"line":113,"column":5}},"114":{"start":{"line":115,"column":0},"end":{"line":115,"column":78}},"115":{"start":{"line":116,"column":0},"end":{"line":116,"column":1}},"117":{"start":{"line":118,"column":0},"end":{"line":118,"column":100}},"118":{"start":{"line":119,"column":0},"end":{"line":119,"column":35}},"119":{"start":{"line":120,"column":0},"end":{"line":120,"column":52}},"120":{"start":{"line":121,"column":0},"end":{"line":121,"column":47}},"121":{"start":{"line":122,"column":0},"end":{"line":122,"column":35}},"122":{"start":{"line":123,"column":0},"end":{"line":123,"column":26}},"123":{"start":{"line":124,"column":0},"end":{"line":124,"column":65}},"124":{"start":{"line":125,"column":0},"end":{"line":125,"column":90}},"125":{"start":{"line":126,"column":0},"end":{"line":126,"column":26}},"126":{"start":{"line":127,"column":0},"end":{"line":127,"column":47}},"127":{"start":{"line":128,"column":0},"end":{"line":128,"column":20}},"128":{"start":{"line":129,"column":0},"end":{"line":129,"column":54}},"129":{"start":{"line":130,"column":0},"end":{"line":130,"column":7}},"130":{"start":{"line":131,"column":0},"end":{"line":131,"column":1}},"132":{"start":{"line":133,"column":0},"end":{"line":133,"column":31}},"133":{"start":{"line":134,"column":0},"end":{"line":134,"column":26}},"134":{"start":{"line":135,"column":0},"end":{"line":135,"column":21}},"135":{"start":{"line":136,"column":0},"end":{"line":136,"column":18}},"136":{"start":{"line":137,"column":0},"end":{"line":137,"column":26}},"137":{"start":{"line":138,"column":0},"end":{"line":138,"column":24}},"138":{"start":{"line":139,"column":0},"end":{"line":139,"column":9}},"139":{"start":{"line":140,"column":0},"end":{"line":140,"column":61}},"140":{"start":{"line":141,"column":0},"end":{"line":141,"column":54}},"141":{"start":{"line":142,"column":0},"end":{"line":142,"column":36}},"142":{"start":{"line":143,"column":0},"end":{"line":143,"column":54}},"143":{"start":{"line":144,"column":0},"end":{"line":144,"column":5}},"144":{"start":{"line":145,"column":0},"end":{"line":145,"column":50}},"145":{"start":{"line":146,"column":0},"end":{"line":146,"column":45}},"146":{"start":{"line":147,"column":0},"end":{"line":147,"column":30}},"147":{"start":{"line":148,"column":0},"end":{"line":148,"column":5}},"148":{"start":{"line":149,"column":0},"end":{"line":149,"column":33}},"149":{"start":{"line":150,"column":0},"end":{"line":150,"column":67}},"150":{"start":{"line":151,"column":0},"end":{"line":151,"column":58}},"151":{"start":{"line":152,"column":0},"end":{"line":152,"column":53}},"152":{"start":{"line":153,"column":0},"end":{"line":153,"column":42}},"153":{"start":{"line":154,"column":0},"end":{"line":154,"column":77}},"154":{"start":{"line":155,"column":0},"end":{"line":155,"column":79}},"155":{"start":{"line":156,"column":0},"end":{"line":156,"column":72}},"156":{"start":{"line":157,"column":0},"end":{"line":157,"column":48}},"157":{"start":{"line":158,"column":0},"end":{"line":158,"column":58}},"158":{"start":{"line":159,"column":0},"end":{"line":159,"column":19}},"159":{"start":{"line":160,"column":0},"end":{"line":160,"column":41}},"160":{"start":{"line":161,"column":0},"end":{"line":161,"column":56}},"161":{"start":{"line":162,"column":0},"end":{"line":162,"column":5}},"162":{"start":{"line":163,"column":0},"end":{"line":163,"column":50}},"163":{"start":{"line":164,"column":0},"end":{"line":164,"column":67}},"164":{"start":{"line":165,"column":0},"end":{"line":165,"column":42}},"165":{"start":{"line":166,"column":0},"end":{"line":166,"column":37}},"166":{"start":{"line":167,"column":0},"end":{"line":167,"column":44}},"167":{"start":{"line":168,"column":0},"end":{"line":168,"column":20}},"168":{"start":{"line":169,"column":0},"end":{"line":169,"column":47}},"169":{"start":{"line":170,"column":0},"end":{"line":170,"column":13}},"170":{"start":{"line":171,"column":0},"end":{"line":171,"column":11}},"172":{"start":{"line":173,"column":0},"end":{"line":173,"column":45}},"173":{"start":{"line":174,"column":0},"end":{"line":174,"column":54}},"174":{"start":{"line":175,"column":0},"end":{"line":175,"column":65}},"175":{"start":{"line":176,"column":0},"end":{"line":176,"column":5}},"176":{"start":{"line":177,"column":0},"end":{"line":177,"column":45}},"177":{"start":{"line":178,"column":0},"end":{"line":178,"column":55}},"178":{"start":{"line":179,"column":0},"end":{"line":179,"column":92}},"179":{"start":{"line":180,"column":0},"end":{"line":180,"column":49}},"180":{"start":{"line":181,"column":0},"end":{"line":181,"column":29}},"181":{"start":{"line":182,"column":0},"end":{"line":182,"column":1}},"183":{"start":{"line":184,"column":0},"end":{"line":184,"column":61}},"184":{"start":{"line":185,"column":0},"end":{"line":185,"column":61}},"185":{"start":{"line":186,"column":0},"end":{"line":186,"column":55}},"186":{"start":{"line":187,"column":0},"end":{"line":187,"column":33}},"187":{"start":{"line":188,"column":0},"end":{"line":188,"column":46}},"188":{"start":{"line":189,"column":0},"end":{"line":189,"column":38}},"189":{"start":{"line":190,"column":0},"end":{"line":190,"column":5}},"190":{"start":{"line":191,"column":0},"end":{"line":191,"column":34}},"191":{"start":{"line":192,"column":0},"end":{"line":192,"column":42}},"192":{"start":{"line":193,"column":0},"end":{"line":193,"column":77}},"193":{"start":{"line":194,"column":0},"end":{"line":194,"column":79}},"194":{"start":{"line":195,"column":0},"end":{"line":195,"column":72}},"195":{"start":{"line":196,"column":0},"end":{"line":196,"column":56}},"196":{"start":{"line":197,"column":0},"end":{"line":197,"column":50}},"197":{"start":{"line":198,"column":0},"end":{"line":198,"column":19}},"198":{"start":{"line":199,"column":0},"end":{"line":199,"column":40}},"199":{"start":{"line":200,"column":0},"end":{"line":200,"column":56}},"200":{"start":{"line":201,"column":0},"end":{"line":201,"column":5}},"201":{"start":{"line":202,"column":0},"end":{"line":202,"column":1}},"203":{"start":{"line":204,"column":0},"end":{"line":204,"column":60}},"204":{"start":{"line":205,"column":0},"end":{"line":205,"column":61}},"205":{"start":{"line":206,"column":0},"end":{"line":206,"column":29}},"206":{"start":{"line":207,"column":0},"end":{"line":207,"column":33}},"207":{"start":{"line":208,"column":0},"end":{"line":208,"column":46}},"208":{"start":{"line":209,"column":0},"end":{"line":209,"column":38}},"209":{"start":{"line":210,"column":0},"end":{"line":210,"column":5}},"210":{"start":{"line":211,"column":0},"end":{"line":211,"column":34}},"211":{"start":{"line":212,"column":0},"end":{"line":212,"column":38}},"212":{"start":{"line":213,"column":0},"end":{"line":213,"column":42}},"213":{"start":{"line":214,"column":0},"end":{"line":214,"column":77}},"214":{"start":{"line":215,"column":0},"end":{"line":215,"column":79}},"215":{"start":{"line":216,"column":0},"end":{"line":216,"column":72}},"216":{"start":{"line":217,"column":0},"end":{"line":217,"column":63}},"217":{"start":{"line":218,"column":0},"end":{"line":218,"column":64}},"218":{"start":{"line":219,"column":0},"end":{"line":219,"column":56}},"219":{"start":{"line":220,"column":0},"end":{"line":220,"column":50}},"220":{"start":{"line":221,"column":0},"end":{"line":221,"column":19}},"221":{"start":{"line":222,"column":0},"end":{"line":222,"column":41}},"222":{"start":{"line":223,"column":0},"end":{"line":223,"column":56}},"223":{"start":{"line":224,"column":0},"end":{"line":224,"column":5}},"224":{"start":{"line":225,"column":0},"end":{"line":225,"column":1}}},"s":{"2":27,"3":27,"4":27,"5":1,"6":1,"7":26,"8":26,"10":1,"12":1,"13":27,"14":27,"15":27,"16":27,"17":27,"18":27,"19":27,"20":27,"21":27,"22":27,"23":27,"24":27,"26":27,"27":27,"28":27,"31":27,"32":27,"35":27,"36":27,"37":27,"38":27,"41":27,"42":27,"43":27,"44":27,"45":27,"46":27,"47":27,"48":19,"49":27,"50":27,"51":27,"52":27,"53":27,"54":27,"55":27,"56":27,"57":27,"58":27,"59":27,"60":27,"61":27,"62":27,"63":27,"65":18,"66":18,"67":18,"68":18,"69":18,"70":18,"71":18,"72":18,"73":18,"74":18,"75":18,"76":18,"77":18,"78":18,"79":18,"80":18,"81":18,"82":18,"83":18,"84":18,"85":18,"86":18,"87":18,"88":18,"90":18,"91":18,"92":18,"94":18,"95":18,"97":18,"98":18,"100":18,"101":1,"102":18,"103":0,"104":17,"105":0,"106":17,"107":0,"108":17,"109":0,"110":17,"111":17,"112":17,"114":18,"115":18,"117":18,"118":18,"119":54,"120":54,"121":54,"122":54,"123":54,"124":54,"125":54,"126":54,"127":54,"128":54,"129":18,"130":18,"132":19,"133":19,"134":19,"135":19,"136":19,"137":19,"138":19,"139":19,"140":19,"141":18,"142":18,"143":18,"144":18,"145":19,"146":1,"147":1,"148":18,"149":18,"150":18,"151":18,"152":18,"153":18,"154":18,"155":18,"156":18,"157":18,"158":18,"159":18,"160":18,"161":18,"162":18,"163":18,"164":18,"165":52,"166":18,"167":52,"168":34,"169":34,"170":18,"172":18,"173":18,"174":18,"175":18,"176":18,"177":18,"178":0,"179":0,"180":18,"181":18,"183":4,"184":4,"185":4,"186":3,"187":3,"188":3,"189":3,"190":3,"191":3,"192":3,"193":3,"194":3,"195":3,"196":3,"197":3,"198":3,"199":3,"200":3,"201":4,"203":4,"204":4,"205":4,"206":4,"207":4,"208":4,"209":4,"210":4,"211":4,"212":4,"213":4,"214":4,"215":4,"216":4,"217":4,"218":4,"219":4,"220":4,"221":4,"222":4,"223":4,"224":4},"branchMap":{"0":{"type":"branch","line":3,"loc":{"start":{"line":3,"column":0},"end":{"line":9,"column":1}},"locations":[{"start":{"line":3,"column":0},"end":{"line":9,"column":1}}]},"1":{"type":"branch","line":5,"loc":{"start":{"line":5,"column":13},"end":{"line":7,"column":5}},"locations":[{"start":{"line":5,"column":13},"end":{"line":7,"column":5}}]},"2":{"type":"branch","line":7,"loc":{"start":{"line":7,"column":4},"end":{"line":9,"column":1}},"locations":[{"start":{"line":7,"column":4},"end":{"line":9,"column":1}}]},"3":{"type":"branch","line":13,"loc":{"start":{"line":13,"column":7},"end":{"line":64,"column":1}},"locations":[{"start":{"line":13,"column":7},"end":{"line":64,"column":1}}]},"4":{"type":"branch","line":27,"loc":{"start":{"line":27,"column":10},"end":{"line":27,"column":74}},"locations":[{"start":{"line":27,"column":10},"end":{"line":27,"column":74}}]},"5":{"type":"branch","line":27,"loc":{"start":{"line":27,"column":63},"end":{"line":27,"column":76}},"locations":[{"start":{"line":27,"column":63},"end":{"line":27,"column":76}}]},"6":{"type":"branch","line":48,"loc":{"start":{"line":48,"column":4},"end":{"line":48,"column":30}},"locations":[{"start":{"line":48,"column":4},"end":{"line":48,"column":30}}]},"7":{"type":"branch","line":51,"loc":{"start":{"line":51,"column":4},"end":{"line":51,"column":31}},"locations":[{"start":{"line":51,"column":4},"end":{"line":51,"column":31}}]},"8":{"type":"branch","line":52,"loc":{"start":{"line":52,"column":4},"end":{"line":52,"column":30}},"locations":[{"start":{"line":52,"column":4},"end":{"line":52,"column":30}}]},"9":{"type":"branch","line":29,"loc":{"start":{"line":29,"column":25},"end":{"line":29,"column":102}},"locations":[{"start":{"line":29,"column":25},"end":{"line":29,"column":102}}]},"10":{"type":"branch","line":48,"loc":{"start":{"line":48,"column":39},"end":{"line":49,"column":88}},"locations":[{"start":{"line":48,"column":39},"end":{"line":49,"column":88}}]},"11":{"type":"branch","line":51,"loc":{"start":{"line":51,"column":40},"end":{"line":51,"column":82}},"locations":[{"start":{"line":51,"column":40},"end":{"line":51,"column":82}}]},"12":{"type":"branch","line":52,"loc":{"start":{"line":52,"column":39},"end":{"line":52,"column":80}},"locations":[{"start":{"line":52,"column":39},"end":{"line":52,"column":80}}]},"13":{"type":"branch","line":66,"loc":{"start":{"line":66,"column":0},"end":{"line":116,"column":1}},"locations":[{"start":{"line":66,"column":0},"end":{"line":116,"column":1}}]},"14":{"type":"branch","line":92,"loc":{"start":{"line":92,"column":36},"end":{"line":92,"column":44}},"locations":[{"start":{"line":92,"column":36},"end":{"line":92,"column":44}}]},"15":{"type":"branch","line":93,"loc":{"start":{"line":93,"column":46},"end":{"line":93,"column":53}},"locations":[{"start":{"line":93,"column":46},"end":{"line":93,"column":53}}]},"16":{"type":"branch","line":101,"loc":{"start":{"line":101,"column":30},"end":{"line":101,"column":62}},"locations":[{"start":{"line":101,"column":30},"end":{"line":101,"column":62}}]},"17":{"type":"branch","line":101,"loc":{"start":{"line":101,"column":62},"end":{"line":103,"column":15}},"locations":[{"start":{"line":101,"column":62},"end":{"line":103,"column":15}}]},"18":{"type":"branch","line":103,"loc":{"start":{"line":103,"column":4},"end":{"line":113,"column":5}},"locations":[{"start":{"line":103,"column":4},"end":{"line":113,"column":5}}]},"19":{"type":"branch","line":103,"loc":{"start":{"line":103,"column":42},"end":{"line":105,"column":15}},"locations":[{"start":{"line":103,"column":42},"end":{"line":105,"column":15}}]},"20":{"type":"branch","line":105,"loc":{"start":{"line":105,"column":42},"end":{"line":107,"column":15}},"locations":[{"start":{"line":105,"column":42},"end":{"line":107,"column":15}}]},"21":{"type":"branch","line":107,"loc":{"start":{"line":107,"column":43},"end":{"line":109,"column":15}},"locations":[{"start":{"line":107,"column":43},"end":{"line":109,"column":15}}]},"22":{"type":"branch","line":109,"loc":{"start":{"line":109,"column":72},"end":{"line":111,"column":11}},"locations":[{"start":{"line":109,"column":72},"end":{"line":111,"column":11}}]},"23":{"type":"branch","line":115,"loc":{"start":{"line":115,"column":25},"end":{"line":115,"column":76}},"locations":[{"start":{"line":115,"column":25},"end":{"line":115,"column":76}}]},"24":{"type":"branch","line":118,"loc":{"start":{"line":118,"column":0},"end":{"line":131,"column":1}},"locations":[{"start":{"line":118,"column":0},"end":{"line":131,"column":1}}]},"25":{"type":"branch","line":119,"loc":{"start":{"line":119,"column":24},"end":{"line":130,"column":5}},"locations":[{"start":{"line":119,"column":24},"end":{"line":130,"column":5}}]},"26":{"type":"branch","line":133,"loc":{"start":{"line":133,"column":0},"end":{"line":182,"column":1}},"locations":[{"start":{"line":133,"column":0},"end":{"line":182,"column":1}}]},"27":{"type":"branch","line":141,"loc":{"start":{"line":141,"column":47},"end":{"line":141,"column":54}},"locations":[{"start":{"line":141,"column":47},"end":{"line":141,"column":54}}]},"28":{"type":"branch","line":141,"loc":{"start":{"line":141,"column":47},"end":{"line":146,"column":44}},"locations":[{"start":{"line":141,"column":47},"end":{"line":146,"column":44}}]},"29":{"type":"branch","line":146,"loc":{"start":{"line":146,"column":44},"end":{"line":148,"column":5}},"locations":[{"start":{"line":146,"column":44},"end":{"line":148,"column":5}}]},"30":{"type":"branch","line":148,"loc":{"start":{"line":148,"column":4},"end":{"line":182,"column":1}},"locations":[{"start":{"line":148,"column":4},"end":{"line":182,"column":1}}]},"31":{"type":"branch","line":163,"loc":{"start":{"line":163,"column":4},"end":{"line":176,"column":5}},"locations":[{"start":{"line":163,"column":4},"end":{"line":176,"column":5}}]},"32":{"type":"branch","line":165,"loc":{"start":{"line":165,"column":27},"end":{"line":171,"column":9}},"locations":[{"start":{"line":165,"column":27},"end":{"line":171,"column":9}}]},"33":{"type":"branch","line":166,"loc":{"start":{"line":166,"column":36},"end":{"line":168,"column":19}},"locations":[{"start":{"line":166,"column":36},"end":{"line":168,"column":19}}]},"34":{"type":"branch","line":168,"loc":{"start":{"line":168,"column":12},"end":{"line":170,"column":13}},"locations":[{"start":{"line":168,"column":12},"end":{"line":170,"column":13}}]},"35":{"type":"branch","line":184,"loc":{"start":{"line":184,"column":0},"end":{"line":202,"column":1}},"locations":[{"start":{"line":184,"column":0},"end":{"line":202,"column":1}}]},"36":{"type":"branch","line":186,"loc":{"start":{"line":186,"column":48},"end":{"line":186,"column":55}},"locations":[{"start":{"line":186,"column":48},"end":{"line":186,"column":55}}]},"37":{"type":"branch","line":186,"loc":{"start":{"line":186,"column":48},"end":{"line":201,"column":5}},"locations":[{"start":{"line":186,"column":48},"end":{"line":201,"column":5}}]},"38":{"type":"branch","line":204,"loc":{"start":{"line":204,"column":0},"end":{"line":225,"column":1}},"locations":[{"start":{"line":204,"column":0},"end":{"line":225,"column":1}}]},"39":{"type":"branch","line":206,"loc":{"start":{"line":206,"column":22},"end":{"line":206,"column":29}},"locations":[{"start":{"line":206,"column":22},"end":{"line":206,"column":29}}]},"40":{"type":"branch","line":218,"loc":{"start":{"line":218,"column":23},"end":{"line":218,"column":62}},"locations":[{"start":{"line":218,"column":23},"end":{"line":218,"column":62}}]}},"b":{"0":[27],"1":[1],"2":[26],"3":[27],"4":[1],"5":[26],"6":[26],"7":[26],"8":[26],"9":[79],"10":[19],"11":[4],"12":[4],"13":[18],"14":[0],"15":[0],"16":[17],"17":[1],"18":[17],"19":[0],"20":[0],"21":[0],"22":[0],"23":[54],"24":[18],"25":[54],"26":[19],"27":[1],"28":[18],"29":[1],"30":[18],"31":[18],"32":[52],"33":[18],"34":[34],"35":[4],"36":[1],"37":[3],"38":[4],"39":[0],"40":[12]},"fnMap":{"0":{"name":"getMessagesEl","decl":{"start":{"line":3,"column":0},"end":{"line":9,"column":1}},"loc":{"start":{"line":3,"column":0},"end":{"line":9,"column":1}},"line":3},"1":{"name":"addChordProgressionWidget","decl":{"start":{"line":13,"column":7},"end":{"line":64,"column":1}},"loc":{"start":{"line":13,"column":7},"end":{"line":64,"column":1}},"line":13},"2":{"name":"parseChordName","decl":{"start":{"line":66,"column":0},"end":{"line":116,"column":1}},"loc":{"start":{"line":66,"column":0},"end":{"line":116,"column":1}},"line":66},"3":{"name":"playChordAudio","decl":{"start":{"line":118,"column":0},"end":{"line":131,"column":1}},"loc":{"start":{"line":118,"column":0},"end":{"line":131,"column":1}},"line":118},"4":{"name":"startChordProgression","decl":{"start":{"line":133,"column":0},"end":{"line":182,"column":1}},"loc":{"start":{"line":133,"column":0},"end":{"line":182,"column":1}},"line":133},"5":{"name":"playChord","decl":{"start":{"line":163,"column":4},"end":{"line":176,"column":5}},"loc":{"start":{"line":163,"column":4},"end":{"line":176,"column":5}},"line":163},"6":{"name":"pauseChordProgression","decl":{"start":{"line":184,"column":0},"end":{"line":202,"column":1}},"loc":{"start":{"line":184,"column":0},"end":{"line":202,"column":1}},"line":184},"7":{"name":"stopChordProgression","decl":{"start":{"line":204,"column":0},"end":{"line":225,"column":1}},"loc":{"start":{"line":204,"column":0},"end":{"line":225,"column":1}},"line":204}},"f":{"0":27,"1":27,"2":18,"3":18,"4":19,"5":18,"6":4,"7":4}}
,"C:\\Users\\Cyprien\\Documents\\GitHub\\zikos\\frontend\\src\\widgets\\earTrainer.ts": {"path":"C:\\Users\\Cyprien\\Documents\\GitHub\\zikos\\frontend\\src\\widgets\\earTrainer.ts","all":false,"statementMap":{"2":{"start":{"line":3,"column":0},"end":{"line":3,"column":39}},"3":{"start":{"line":4,"column":0},"end":{"line":4,"column":51}},"4":{"start":{"line":5,"column":0},"end":{"line":5,"column":14}},"5":{"start":{"line":6,"column":0},"end":{"line":6,"column":54}},"6":{"start":{"line":7,"column":0},"end":{"line":7,"column":5}},"7":{"start":{"line":8,"column":0},"end":{"line":8,"column":29}},"8":{"start":{"line":9,"column":0},"end":{"line":9,"column":1}},"10":{"start":{"line":11,"column":0},"end":{"line":11,"column":55}},"12":{"start":{"line":13,"column":0},"end":{"line":13,"column":36}},"13":{"start":{"line":14,"column":0},"end":{"line":14,"column":22}},"14":{"start":{"line":15,"column":0},"end":{"line":15,"column":17}},"15":{"start":{"line":16,"column":0},"end":{"line":16,"column":23}},"16":{"start":{"line":17,"column":0},"end":{"line":17,"column":21}},"17":{"start":{"line":18,"column":0},"end":{"line":18,"column":24}},"18":{"start":{"line":19,"column":0},"end":{"line":19,"column":9}},"19":{"start":{"line":20,"column":0},"end":{"line":20,"column":51}},"20":{"start":{"line":21,"column":0},"end":{"line":21,"column":46}},"21":{"start":{"line":22,"column":0},"end":{"line":22,"column":37}},"22":{"start":{"line":23,"column":0},"end":{"line":23,"column":21}},"23":{"start":{"line":24,"column":0},"end":{"line":24,"column":29}},"24":{"start":{"line":25,"column":0},"end":{"line":25,"column":38}},"25":{"start":{"line":26,"column":0},"end":{"line":26,"column":37}},"26":{"start":{"line":27,"column":0},"end":{"line":27,"column":82}},"27":{"start":{"line":28,"column":0},"end":{"line":28,"column":17}},"28":{"start":{"line":29,"column":0},"end":{"line":29,"column":25}},"29":{"start":{"line":30,"column":0},"end":{"line":30,"column":25}},"30":{"start":{"line":31,"column":0},"end":{"line":31,"column":25}},"31":{"start":{"line":32,"column":0},"end":{"line":32,"column":25}},"32":{"start":{"line":33,"column":0},"end":{"line":33,"column":25}},"33":{"start":{"line":34,"column":0},"end":{"line":34,"column":25}},"34":{"start":{"line":35,"column":0},"end":{"line":35,"column":25}},"35":{"start":{"line":36,"column":0},"end":{"line":36,"column":25}},"36":{"start":{"line":37,"column":0},"end":{"line":37,"column":25}},"37":{"start":{"line":38,"column":0},"end":{"line":38,"column":25}},"38":{"start":{"line":39,"column":0},"end":{"line":39,"column":25}},"39":{"start":{"line":40,"column":0},"end":{"line":40,"column":25}},"40":{"start":{"line":41,"column":0},"end":{"line":41,"column":25}},"41":{"start":{"line":42,"column":0},"end":{"line":42,"column":25}},"42":{"start":{"line":43,"column":0},"end":{"line":43,"column":18}},"43":{"start":{"line":44,"column":0},"end":{"line":44,"column":26}},"44":{"start":{"line":45,"column":0},"end":{"line":45,"column":79}},"45":{"start":{"line":46,"column":0},"end":{"line":46,"column":77}},"46":{"start":{"line":47,"column":0},"end":{"line":47,"column":69}},"47":{"start":{"line":48,"column":0},"end":{"line":48,"column":96}},"50":{"start":{"line":51,"column":0},"end":{"line":51,"column":81}},"51":{"start":{"line":52,"column":0},"end":{"line":52,"column":103}},"52":{"start":{"line":53,"column":0},"end":{"line":53,"column":82}},"54":{"start":{"line":55,"column":0},"end":{"line":55,"column":67}},"55":{"start":{"line":56,"column":0},"end":{"line":56,"column":169}},"57":{"start":{"line":58,"column":0},"end":{"line":58,"column":93}},"59":{"start":{"line":60,"column":0},"end":{"line":60,"column":39}},"60":{"start":{"line":61,"column":0},"end":{"line":61,"column":37}},"61":{"start":{"line":62,"column":0},"end":{"line":62,"column":51}},"62":{"start":{"line":63,"column":0},"end":{"line":63,"column":56}},"63":{"start":{"line":64,"column":0},"end":{"line":64,"column":56}},"64":{"start":{"line":65,"column":0},"end":{"line":65,"column":44}},"65":{"start":{"line":66,"column":0},"end":{"line":66,"column":68}},"66":{"start":{"line":67,"column":0},"end":{"line":67,"column":6}},"67":{"start":{"line":68,"column":0},"end":{"line":68,"column":44}},"68":{"start":{"line":69,"column":0},"end":{"line":69,"column":68}},"69":{"start":{"line":70,"column":0},"end":{"line":70,"column":6}},"70":{"start":{"line":71,"column":0},"end":{"line":71,"column":72}},"71":{"start":{"line":72,"column":0},"end":{"line":72,"column":33}},"72":{"start":{"line":73,"column":0},"end":{"line":73,"column":43}},"73":{"start":{"line":74,"column":0},"end":{"line":74,"column":85}},"74":{"start":{"line":75,"column":0},"end":{"line":75,"column":10}},"75":{"start":{"line":76,"column":0},"end":{"line":76,"column":7}},"76":{"start":{"line":77,"column":0},"end":{"line":77,"column":32}},"77":{"start":{"line":78,"column":0},"end":{"line":78,"column":13}},"78":{"start":{"line":79,"column":0},"end":{"line":79,"column":19}},"79":{"start":{"line":80,"column":0},"end":{"line":80,"column":17}},"80":{"start":{"line":81,"column":0},"end":{"line":81,"column":18}},"81":{"start":{"line":82,"column":0},"end":{"line":82,"column":17}},"82":{"start":{"line":83,"column":0},"end":{"line":83,"column":28}},"83":{"start":{"line":84,"column":0},"end":{"line":84,"column":27}},"84":{"start":{"line":85,"column":0},"end":{"line":85,"column":7}},"85":{"start":{"line":86,"column":0},"end":{"line":86,"column":1}},"87":{"start":{"line":88,"column":0},"end":{"line":88,"column":32}},"88":{"start":{"line":89,"column":0},"end":{"line":89,"column":22}},"89":{"start":{"line":90,"column":0},"end":{"line":90,"column":17}},"90":{"start":{"line":91,"column":0},"end":{"line":91,"column":21}},"91":{"start":{"line":92,"column":0},"end":{"line":92,"column":23}},"92":{"start":{"line":93,"column":0},"end":{"line":93,"column":9}},"93":{"start":{"line":94,"column":0},"end":{"line":94,"column":47}},"94":{"start":{"line":95,"column":0},"end":{"line":95,"column":25}},"95":{"start":{"line":96,"column":0},"end":{"line":96,"column":44}},"96":{"start":{"line":97,"column":0},"end":{"line":97,"column":40}},"97":{"start":{"line":98,"column":0},"end":{"line":98,"column":83}},"98":{"start":{"line":99,"column":0},"end":{"line":99,"column":43}},"99":{"start":{"line":100,"column":0},"end":{"line":100,"column":51}},"100":{"start":{"line":101,"column":0},"end":{"line":101,"column":72}},"101":{"start":{"line":102,"column":0},"end":{"line":102,"column":38}},"102":{"start":{"line":103,"column":0},"end":{"line":103,"column":77}},"103":{"start":{"line":104,"column":0},"end":{"line":104,"column":77}},"104":{"start":{"line":105,"column":0},"end":{"line":105,"column":68}},"105":{"start":{"line":106,"column":0},"end":{"line":106,"column":72}},"106":{"start":{"line":107,"column":0},"end":{"line":107,"column":19}},"107":{"start":{"line":108,"column":0},"end":{"line":108,"column":40}},"108":{"start":{"line":109,"column":0},"end":{"line":109,"column":50}},"109":{"start":{"line":110,"column":0},"end":{"line":110,"column":5}},"110":{"start":{"line":111,"column":0},"end":{"line":111,"column":33}},"111":{"start":{"line":112,"column":0},"end":{"line":112,"column":41}},"112":{"start":{"line":113,"column":0},"end":{"line":113,"column":54}},"113":{"start":{"line":114,"column":0},"end":{"line":114,"column":34}},"114":{"start":{"line":115,"column":0},"end":{"line":115,"column":7}},"115":{"start":{"line":116,"column":0},"end":{"line":116,"column":31}},"116":{"start":{"line":117,"column":0},"end":{"line":117,"column":59}},"117":{"start":{"line":118,"column":0},"end":{"line":118,"column":12}},"118":{"start":{"line":119,"column":0},"end":{"line":119,"column":58}},"119":{"start":{"line":120,"column":0},"end":{"line":120,"column":5}},"120":{"start":{"line":121,"column":0},"end":{"line":121,"column":48}},"121":{"start":{"line":122,"column":0},"end":{"line":122,"column":56}},"122":{"start":{"line":123,"column":0},"end":{"line":123,"column":1}},"124":{"start":{"line":125,"column":0},"end":{"line":125,"column":83}},"125":{"start":{"line":126,"column":0},"end":{"line":126,"column":47}},"126":{"start":{"line":127,"column":0},"end":{"line":127,"column":25}},"127":{"start":{"line":128,"column":0},"end":{"line":128,"column":38}},"128":{"start":{"line":129,"column":0},"end":{"line":129,"column":68}},"129":{"start":{"line":130,"column":0},"end":{"line":130,"column":72}},"130":{"start":{"line":131,"column":0},"end":{"line":131,"column":65}},"131":{"start":{"line":132,"column":0},"end":{"line":132,"column":19}},"132":{"start":{"line":133,"column":0},"end":{"line":133,"column":41}},"133":{"start":{"line":134,"column":0},"end":{"line":134,"column":89}},"134":{"start":{"line":135,"column":0},"end":{"line":135,"column":40}},"135":{"start":{"line":136,"column":0},"end":{"line":136,"column":56}},"136":{"start":{"line":137,"column":0},"end":{"line":137,"column":59}},"137":{"start":{"line":138,"column":0},"end":{"line":138,"column":5}},"138":{"start":{"line":139,"column":0},"end":{"line":139,"column":33}},"139":{"start":{"line":140,"column":0},"end":{"line":140,"column":41}},"140":{"start":{"line":141,"column":0},"end":{"line":141,"column":53}},"141":{"start":{"line":142,"column":0},"end":{"line":142,"column":74}},"142":{"start":{"line":143,"column":0},"end":{"line":143,"column":47}},"143":{"start":{"line":144,"column":0},"end":{"line":144,"column":90}},"144":{"start":{"line":145,"column":0},"end":{"line":145,"column":47}},"145":{"start":{"line":146,"column":0},"end":{"line":146,"column":16}},"146":{"start":{"line":147,"column":0},"end":{"line":147,"column":40}},"147":{"start":{"line":148,"column":0},"end":{"line":148,"column":9}},"148":{"start":{"line":149,"column":0},"end":{"line":149,"column":7}},"149":{"start":{"line":150,"column":0},"end":{"line":150,"column":1}},"151":{"start":{"line":152,"column":0},"end":{"line":152,"column":32}},"152":{"start":{"line":153,"column":0},"end":{"line":153,"column":22}},"153":{"start":{"line":154,"column":0},"end":{"line":154,"column":17}},"154":{"start":{"line":155,"column":0},"end":{"line":155,"column":21}},"155":{"start":{"line":156,"column":0},"end":{"line":156,"column":23}},"156":{"start":{"line":157,"column":0},"end":{"line":157,"column":9}},"157":{"start":{"line":158,"column":0},"end":{"line":158,"column":47}},"158":{"start":{"line":159,"column":0},"end":{"line":159,"column":25}},"159":{"start":{"line":160,"column":0},"end":{"line":160,"column":38}},"160":{"start":{"line":161,"column":0},"end":{"line":161,"column":77}},"161":{"start":{"line":162,"column":0},"end":{"line":162,"column":77}},"162":{"start":{"line":163,"column":0},"end":{"line":163,"column":72}},"163":{"start":{"line":164,"column":0},"end":{"line":164,"column":33}},"164":{"start":{"line":165,"column":0},"end":{"line":165,"column":41}},"165":{"start":{"line":166,"column":0},"end":{"line":166,"column":54}},"166":{"start":{"line":167,"column":0},"end":{"line":167,"column":34}},"167":{"start":{"line":168,"column":0},"end":{"line":168,"column":43}},"168":{"start":{"line":169,"column":0},"end":{"line":169,"column":7}},"169":{"start":{"line":170,"column":0},"end":{"line":170,"column":56}},"170":{"start":{"line":171,"column":0},"end":{"line":171,"column":48}},"171":{"start":{"line":172,"column":0},"end":{"line":172,"column":65}},"172":{"start":{"line":173,"column":0},"end":{"line":173,"column":1}},"174":{"start":{"line":175,"column":0},"end":{"line":175,"column":65}},"175":{"start":{"line":176,"column":0},"end":{"line":176,"column":43}},"176":{"start":{"line":177,"column":0},"end":{"line":177,"column":13}},"177":{"start":{"line":178,"column":0},"end":{"line":178,"column":16}},"178":{"start":{"line":179,"column":0},"end":{"line":179,"column":13}},"179":{"start":{"line":180,"column":0},"end":{"line":180,"column":16}},"180":{"start":{"line":181,"column":0},"end":{"line":181,"column":13}},"181":{"start":{"line":182,"column":0},"end":{"line":182,"column":13}},"182":{"start":{"line":183,"column":0},"end":{"line":183,"column":16}},"183":{"start":{"line":184,"column":0},"end":{"line":184,"column":13}},"184":{"start":{"line":185,"column":0},"end":{"line":185,"column":16}},"185":{"start":{"line":186,"column":0},"end":{"line":186,"column":13}},"186":{"start":{"line":187,"column":0},"en
[...]
,"C:\\Users\\Cyprien\\Documents\\GitHub\\zikos\\frontend\\src\\widgets\\tuner.ts": {"path":"C:\\Users\\Cyprien\\Documents\\GitHub\\zikos\\frontend\\src\\widgets\\tuner.ts","all":false,"statementMap":{"0":{"start":{"line":1,"column":0},"end":{"line":1,"column":41}},"3":{"start":{"line":4,"column":0},"end":{"line":4,"column":39}},"4":{"start":{"line":5,"column":0},"end":{"line":5,"column":51}},"5":{"start":{"line":6,"column":0},"end":{"line":6,"column":14}},"6":{"start":{"line":7,"column":0},"end":{"line":7,"column":54}},"7":{"start":{"line":8,"column":0},"end":{"line":8,"column":5}},"8":{"start":{"line":9,"column":0},"end":{"line":9,"column":29}},"9":{"start":{"line":10,"column":0},"end":{"line":10,"column":1}},"11":{"start":{"line":12,"column":0},"end":{"line":12,"column":45}},"13":{"start":{"line":14,"column":0},"end":{"line":14,"column":31}},"14":{"start":{"line":15,"column":0},"end":{"line":15,"column":20}},"15":{"start":{"line":16,"column":0},"end":{"line":16,"column":26}},"16":{"start":{"line":17,"column":0},"end":{"line":17,"column":18}},"17":{"start":{"line":18,"column":0},"end":{"line":18,"column":20}},"18":{"start":{"line":19,"column":0},"end":{"line":19,"column":24}},"19":{"start":{"line":20,"column":0},"end":{"line":20,"column":9}},"20":{"start":{"line":21,"column":0},"end":{"line":21,"column":51}},"21":{"start":{"line":22,"column":0},"end":{"line":22,"column":40}},"22":{"start":{"line":23,"column":0},"end":{"line":23,"column":37}},"23":{"start":{"line":24,"column":0},"end":{"line":24,"column":76}},"24":{"start":{"line":25,"column":0},"end":{"line":25,"column":26}},"26":{"start":{"line":27,"column":0},"end":{"line":27,"column":77}},"28":{"start":{"line":29,"column":0},"end":{"line":29,"column":73}},"30":{"start":{"line":31,"column":0},"end":{"line":31,"column":100}},"32":{"start":{"line":33,"column":0},"end":{"line":33,"column":72}},"33":{"start":{"line":34,"column":0},"end":{"line":34,"column":111}},"36":{"start":{"line":37,"column":0},"end":{"line":37,"column":79}},"37":{"start":{"line":38,"column":0},"end":{"line":38,"column":99}},"38":{"start":{"line":39,"column":0},"end":{"line":39,"column":76}},"41":{"start":{"line":42,"column":0},"end":{"line":42,"column":39}},"42":{"start":{"line":43,"column":0},"end":{"line":43,"column":37}},"43":{"start":{"line":44,"column":0},"end":{"line":44,"column":51}},"44":{"start":{"line":45,"column":0},"end":{"line":45,"column":58}},"45":{"start":{"line":46,"column":0},"end":{"line":46,"column":56}},"46":{"start":{"line":47,"column":0},"end":{"line":47,"column":82}},"47":{"start":{"line":48,"column":0},"end":{"line":48,"column":65}},"48":{"start":{"line":49,"column":0},"end":{"line":49,"column":25}},"49":{"start":{"line":50,"column":0},"end":{"line":50,"column":22}},"50":{"start":{"line":51,"column":0},"end":{"line":51,"column":17}},"51":{"start":{"line":52,"column":0},"end":{"line":52,"column":23}},"52":{"start":{"line":53,"column":0},"end":{"line":53,"column":25}},"53":{"start":{"line":54,"column":0},"end":{"line":54,"column":27}},"54":{"start":{"line":55,"column":0},"end":{"line":55,"column":25}},"55":{"start":{"line":56,"column":0},"end":{"line":56,"column":29}},"56":{"start":{"line":57,"column":0},"end":{"line":57,"column":7}},"57":{"start":{"line":58,"column":0},"end":{"line":58,"column":1}},"59":{"start":{"line":60,"column":0},"end":{"line":60,"column":67}},"60":{"start":{"line":61,"column":0},"end":{"line":61,"column":38}},"61":{"start":{"line":62,"column":0},"end":{"line":62,"column":42}},"62":{"start":{"line":63,"column":0},"end":{"line":63,"column":26}},"63":{"start":{"line":64,"column":0},"end":{"line":64,"column":38}},"64":{"start":{"line":65,"column":0},"end":{"line":65,"column":27}},"65":{"start":{"line":66,"column":0},"end":{"line":66,"column":31}},"66":{"start":{"line":67,"column":0},"end":{"line":67,"column":52}},"67":{"start":{"line":68,"column":0},"end":{"line":68,"column":82}},"68":{"start":{"line":69,"column":0},"end":{"line":69,"column":65}},"69":{"start":{"line":70,"column":0},"end":{"line":70,"column":42}},"70":{"start":{"line":71,"column":0},"end":{"line":71,"column":53}},"71":{"start":{"line":72,"column":0},"end":{"line":72,"column":35}},"72":{"start":{"line":73,"column":0},"end":{"line":73,"column":44}},"73":{"start":{"line":74,"column":0},"end":{"line":74,"column":87}},"74":{"start":{"line":75,"column":0},"end":{"line":75,"column":85}},"75":{"start":{"line":76,"column":0},"end":{"line":76,"column":74}},"76":{"start":{"line":77,"column":0},"end":{"line":77,"column":58}},"77":{"start":{"line":78,"column":0},"end":{"line":78,"column":64}},"78":{"start":{"line":79,"column":0},"end":{"line":79,"column":27}},"79":{"start":{"line":80,"column":0},"end":{"line":80,"column":54}},"80":{"start":{"line":81,"column":0},"end":{"line":81,"column":52}},"81":{"start":{"line":82,"column":0},"end":{"line":82,"column":13}},"82":{"start":{"line":83,"column":0},"end":{"line":83,"column":66}},"83":{"start":{"line":84,"column":0},"end":{"line":84,"column":59}},"84":{"start":{"line":85,"column":0},"end":{"line":85,"column":42}},"85":{"start":{"line":86,"column":0},"end":{"line":86,"column":97}},"86":{"start":{"line":87,"column":0},"end":{"line":87,"column":63}},"87":{"start":{"line":88,"column":0},"end":{"line":88,"column":33}},"88":{"start":{"line":89,"column":0},"end":{"line":89,"column":33}},"89":{"start":{"line":90,"column":0},"end":{"line":90,"column":56}},"90":{"start":{"line":91,"column":0},"end":{"line":91,"column":50}},"91":{"start":{"line":92,"column":0},"end":{"line":92,"column":48}},"92":{"start":{"line":93,"column":0},"end":{"line":93,"column":37}},"93":{"start":{"line":94,"column":0},"end":{"line":94,"column":21}},"94":{"start":{"line":95,"column":0},"end":{"line":95,"column":17}},"95":{"start":{"line":96,"column":0},"end":{"line":96,"column":65}},"96":{"start":{"line":97,"column":0},"end":{"line":97,"column":79}},"97":{"start":{"line":98,"column":0},"end":{"line":98,"column":57}},"98":{"start":{"line":99,"column":0},"end":{"line":99,"column":78}},"99":{"start":{"line":100,"column":0},"end":{"line":100,"column":80}},"100":{"start":{"line":101,"column":0},"end":{"line":101,"column":82}},"101":{"start":{"line":102,"column":0},"end":{"line":102,"column":82}},"102":{"start":{"line":103,"column":0},"end":{"line":103,"column":78}},"103":{"start":{"line":104,"column":0},"end":{"line":104,"column":32}},"104":{"start":{"line":105,"column":0},"end":{"line":105,"column":97}},"105":{"start":{"line":106,"column":0},"end":{"line":106,"column":94}},"106":{"start":{"line":107,"column":0},"end":{"line":107,"column":35}},"107":{"start":{"line":108,"column":0},"end":{"line":108,"column":67}},"108":{"start":{"line":109,"column":0},"end":{"line":109,"column":96}},"109":{"start":{"line":110,"column":0},"end":{"line":110,"column":21}},"110":{"start":{"line":111,"column":0},"end":{"line":111,"column":17}},"111":{"start":{"line":112,"column":0},"end":{"line":112,"column":74}},"112":{"start":{"line":113,"column":0},"end":{"line":113,"column":13}},"113":{"start":{"line":114,"column":0},"end":{"line":114,"column":26}},"114":{"start":{"line":115,"column":0},"end":{"line":115,"column":10}},"115":{"start":{"line":116,"column":0},"end":{"line":116,"column":27}},"116":{"start":{"line":117,"column":0},"end":{"line":117,"column":80}},"117":{"start":{"line":118,"column":0},"end":{"line":118,"column":11}},"118":{"start":{"line":119,"column":0},"end":{"line":119,"column":1}},"120":{"start":{"line":121,"column":0},"end":{"line":121,"column":43}},"121":{"start":{"line":122,"column":0},"end":{"line":122,"column":38}},"122":{"start":{"line":123,"column":0},"end":{"line":123,"column":43}},"123":{"start":{"line":124,"column":0},"end":{"line":124,"column":28}},"124":{"start":{"line":125,"column":0},"end":{"line":125,"column":31}},"125":{"start":{"line":126,"column":0},"end":{"line":126,"column":51}},"126":{"start":{"line":127,"column":0},"end":{"line":127,"column":5}},"127":{"start":{"line":128,"column":0},"end":{"line":128,"column":27}},"128":{"start":{"line":129,"column":0},"end":{"line":129,"column":82}},"129":{"start":{"line":130,"column":0},"end":{"line":130,"column":5}},"130":{"start":{"line":131,"column":0},"end":{"line":131,"column":29}},"131":{"start":{"line":132,"column":0},"end":{"line":132,"column":35}},"132":{"start":{"line":133,"column":0},"end":{"line":133,"column":5}},"133":{"start":{"line":134,"column":0},"end":{"line":134,"column":36}},"134":{"start":{"line":135,"column":0},"end":{"line":135,"column":79}},"135":{"start":{"line":136,"column":0},"end":{"line":136,"column":77}},"136":{"start":{"line":137,"column":0},"end":{"line":137,"column":66}},"137":{"start":{"line":138,"column":0},"end":{"line":138,"column":58}},"138":{"start":{"line":139,"column":0},"end":{"line":139,"column":48}},"139":{"start":{"line":140,"column":0},"end":{"line":140,"column":19}},"140":{"start":{"line":141,"column":0},"end":{"line":141,"column":41}},"141":{"start":{"line":142,"column":0},"end":{"line":142,"column":44}},"142":{"start":{"line":143,"column":0},"end":{"line":143,"column":5}},"143":{"start":{"line":144,"column":0},"end":{"line":144,"column":26}},"144":{"start":{"line":145,"column":0},"end":{"line":145,"column":28}},"145":{"start":{"line":146,"column":0},"end":{"line":146,"column":30}},"146":{"start":{"line":147,"column":0},"end":{"line":147,"column":1}}},"s":{"0":1,"3":24,"4":24,"5":24,"6":1,"7":1,"8":23,"9":23,"11":1,"13":1,"14":24,"15":24,"16":24,"17":24,"18":24,"19":24,"20":24,"21":24,"22":24,"23":24,"24":24,"26":24,"28":24,"30":24,"32":24,"33":24,"36":24,"37":24,"38":24,"41":24,"42":24,"43":24,"44":24,"45":24,"46":24,"47":24,"48":24,"49":24,"50":24,"51":24,"52":24,"53":24,"54":24,"55":24,"56":24,"57":24,"59":14,"60":14,"61":14,"62":13,"63":13,"64":13,"65":12,"66":12,"67":12,"68":12,"69":12,"70":12,"71":12,"72":12,"73":12,"74":12,"75":12,"76":12,"77":12,"78":12,"79":12,"80":12,"81":12,"82":12,"83":12,"84":12,"85":113,"86":109,"87":109,"88":109,"89":113,"90":223232,"91":109,"92":109,"93":109,"94":223232,"95":109,"96":109,"97":113,"98":109,"99":109,"100":109,"101":109,"102":109,"103":109,"104":109,"105":109,"106":109,"107":108,"108":108,"109":108,"110":109,"111":109,"112":113,"113":12,"114":13,"115":13,"116":1,"117":13,"118":13,"120":5,"121":5,"122":5,"123":4,"124":4,"125":4,"126":4,"127":4,"128":4,"129":4,"130":4,"131":4,"132":4,"133":4,"134":4,"135":4,"136":4,"137":4,"138":4,"139":4,"140":4,"141":4,"142":4,"143":4,"144":4,"145":4,"146":4},"branchMap":{"0":{"type":"branch","line":4,"loc":{"start":{"line":4,"column":0},"end":{"line":10,"column":1}},"locations":[{"start":{"line":4,"column":0},"end":{"line":10,"column":1}}]},"1":{"type":"branch","line":6,"loc":{"start":{"line":6,"column":13},"end":{"line":8,"column":5}},"locations":[{"start":{"line":6,"column":13},"end":{"line":8,"column":5}}]},"2":{"type":"branch","line":8,"loc":{"start":{"line":8,"column":4},"end":{"line":10,"column":1}},"locations":[{"start":{"line":8,"column":4},"end":{"line":10,"column":1}}]},"3":{"type":"branch","line":14,"loc":{"start":{"line":14,"column":7},"end":{"line":58,"column":1}},"locations":[{"start":{"line":14,"column":7},"end":{"line":58,"column":1}}]},"4":{"type":"branch","line":24,"loc":{"start":{"line":24,"column":24},"end":{"line":24,"column":41}},"locations":[{"start":{"line":24,"column":24},"end":{"line":24,"column":41}}]},"5":{"type":"branch","line":24,"loc":{"start":{"line":24,"column":32},"end":{"line":24,"column":62}},"locations":[{"start":{"line":24,"column":32},"end":{"line":24,"column":62}}]},"6":{"type":"branch","line":24,"loc":{"start":{"line":24,"column":57},"end":{"line":24,"column":76}},"locations":[{"start":{"line":24,"column":57},"end":{"line":24,"column":76}}]},"7":{"type":"branch","line":27,"loc":{"start":{"line":27,"column":10},"end":{"line":27,"column":74}},"locations":[{"start":{"line":27,"column":10},"end":{"line":27,"column":74}}]},"8":{"type":"branch","line":27,"loc":{"start":{"line":27,"column":63},"end":{"line":27,"column":76}},"locations":[{"start":{"line":27,"column":63},"end":{"line":27,"column":76}}]},"9":{"type":"branch","line":47,"loc":{"start":{"line":47,"column":4},"end":{"line":47,"column":31}},"locations":[{"start":{"line":47,"column":4},"end":{"line":47,"column":31}}]},"10":{"type":"branch","line":48,"loc":{"start":{"line":48,"column":4},"end":{"line":48,"column":30}},"locations":[{"start":{"line":48,"column":4},"end":{"line":48,"column":30}}]},"11":{"type":"branch","line":47,"loc":{"start":{"line":47,"column":40},"end":{"line":47,"column":80}},"locations":[{"start":{"line":47,"column":40},"end":{"line":47,"column":80}}]},"12":{"type":"branch","line":48,"loc":{"start":{"line":48,"column":39},"end":{"line":48,"column":63}},"locations":[{"start":{"line":48,"column":39},"end":{"line":48,"column":63}}]},"13":{"type":"branch","line":60,"loc":{"start":{"line":60,"column":0},"end":{"line":119,"column":1}},"locations":[{"start":{"line":60,"column":0},"end":{"line":119,"column":1}}]},"14":{"type":"branch","line":62,"loc":{"start":{"line":62,"column":35},"end":{"line":62,"column":42}},"locations":[{"start":{"line":62,"column":35},"end":{"line":62,"column":42}}]},"15":{"type":"branch","line":62,"loc":{"start":{"line":62,"column":35},"end":{"line":119,"column":1}},"locations":[{"start":{"line":62,"column":35},"end":{"line":119,"column":1}}]},"16":{"type":"branch","line":65,"loc":{"start":{"line":65,"column":14},"end":{"line":115,"column":9}},"locations":[{"start":{"line":65,"column":14},"end":{"line":115,"column":9}}]},"17":{"type":"branch","line":66,"loc":{"start":{"line":66,"column":24},"end":{"line":66,"column":31}},"locations":[{"start":{"line":66,"column":24},"end":{"line":66,"column":31}}]},"18":{"type":"branch","line":85,"loc":{"start":{"line":85,"column":12},"end":{"line":113,"column":13}},"locations":[{"start":{"line":85,"column":12},"end":{"line":113,"column":13}}]},"19":{"type":"branch","line":86,"loc":{"start":{"line":86,"column":37},"end":{"line":86,"column":69}},"locations":[{"start":{"line":86,"column":37},"end":{"line":86,"column":69}}]},"20":{"type":"branch","line":86,"loc":{"start":{"line":86,"column":57},"end":{"line":86,"column":90}},"locations":[{"start":{"line":86,"column":57},"end":{"line":86,"column":90}}]},"21":{"type":"branch","line":86,"loc":{"start":{"line":86,"column":90},"end":{"line":86,"column":97}},"locations":[{"start":{"line":86,"column":90},"end":{"line":86,"column":97}}]},"22":{"type":"branch","line":86,"loc":{"start":{"line":86,"column":90},"end":{"line":90,"column":55}},"locations":[{"start":{"line":86,"column":90},"end":{"line":90,"column":55}}]},"23":{"type":"branch","line":90,"loc":{"start":{"line":90,"column":55},"end":{"line":95,"column":17}},"locations":[{"start":{"line":90,"column":55},"end":{"line":95,"column":17}}]},"24":{"type":"branch","line":91,"loc":{"start":{"line":91,"column":49},"end":{"line":94,"column":21}},"locations":[{"start":{"line":91,"column":49},"end":{"line":94,"column":21}}]},"25":{"type":"branch","line":95,"loc":{"start":{"line":95,"column":16},"end":{"line":98,"column":56}},"locations":[{"start":{"line":95,"column":16},"end":{"line":98,"column":56}}]},"26":{"type":"branch","line":98,"loc":{"start":{"line":98,"column":56},"end":{"line":112,"column":74}},"locations":[{"start":{"line":98,"column":56},"end":{"line":112,"column":74}}]},"27":{"type":"branch","line":102,"loc":{"start":{"line":102,"column":32},"end":{"line":102,"column":82}},"locations":[{"start":{"line":102,"column":32},"end":{"line":102,"column":82}}]},"28":{"type":"branch","line":105,"loc":{"start":{"line":105,"column":24},"end":{"line":105,"column":97}},"locations":[{"start":{"line":105,"column":24},"end":{"line":105,"column":97}}]},"29":{"type":"branch","line":105,"loc":{"start":{"line":105,"column":61},"end":{"line":105,"column":69}},"locations":[{"start":{"line":105,"column":61},"end":{"line":105,"column":69}}]},"30":{"type":"branch","line":107,"loc":{"start":{"line":107,"column":34},"end":{"line":110,"column":21}},"locations":[{"start":{"line":107,"column":34},"end":{"line":110,"column":21}}]},"31":{"type":"branch","line":109,"loc":{"start":{"line":109,"column":70},"end":{"line":109,"column":86}},"locations":[{"start":{"line":109,"column":70},"end":{"line":109,"column":86}}]},"32":{"type":"branch","line":116,"loc":{"start":{"line":116,"column":15},"end":{"line":118,"column":9}},"locations":[{"start":{"line":116,"column":15},"end":{"line":118,"column":9}}]},"33":{"type":"branch","line":121,"loc":{"start":{"line":121,"column":0},"end":{"line":147,"column":1}},"locations":[{"start":{"line":121,"column":0},"end":{"line":147,"column":1}}]},"34":{"type":"branch","line":123,"loc":{"start":{"line":123,"column":36},"end":{"line":123,"column":43}},"locations":[{"start":{"line":123,"column":36},"end":{"line":123,"column":43}}]},"35":{"type":"branch","line":123,"loc":{"start":{"line":123,"column":36},"end":{"line":147,"column":1}},"locations":[{"start":{"line":123,"column":36},"end":{"line":147,"column":1}}]},"36":{"type":"branch","line":129,"loc":{"start":{"line":129,"column":57},"end":{"line":129,"column":80}},"locations":[{"start":{"line":129,"column":57},"end":{"line":129,"column":80}}]}},"b":{"0":[24],"1":[1],"2":[23],"3":[24],"4":[4],"5":[4],"6":[20],"7":[1],"8":[23],"9":[23],"10":[23],"11":[14],"12":[5],"13":[14],"14":[1],"15":[13],"16":[12],"17":[0],"18":[113],"19":[109],"20":[109],"21":[4],"22":[109],"23":[223232],"24":[109],"25":[109],"26":[109],"27":[108],"28":[108],"29":[0],"30":[108],"31":[0],"32":[1],"33":[5],"34":[1],"35":[4],"36":[4]},"fnMap":{"0":{"name":"getMessagesEl","decl":{"start":{"line":4,"column":0},"end":{"line":10,"column":1}},"loc":{"start":{"line":4,"column":0},"end":{"line":10,"column":1}},"line":4},"1":{"name":"addTunerWidget","decl":{"start":{"line":14,"column":7},"end":{"line":58,"column":1}},"loc":{"start":{"line":14,"column":7},"end":{"line":58,"column":1}},"line":14},"2":{"name":"startTuner","decl":{"start":{"line":60,"column":0},"end":{"line":119,"column":1}},"loc":{"start":{"line":60,"column":0},"end":{"line":119,"column":1}},"line":60},"3":{"name":"updateTuner","decl":{"start":{"line":85,"column":12},"end":{"line":113,"column":13}},"loc":{"start":{"line":85,"column":12},"end":{"line":113,"column":13}},"line":85},"4":{"name":"stopTuner","decl":{"start":{"line":121,"column":0},"end":{"line":147,"column":1}},"loc":{"start":{"line":121,"column":0},"end":{"line":147,"column":1}},"line":121}},"f":{"0":24,"1":24,"2":14,"3":113,"4":5}}
}
